{"/home/dude/hacktive8/phase3/FINALPROJECT/development/final-project/app.js": {"path":"/home/dude/hacktive8/phase3/FINALPROJECT/development/final-project/app.js","statementMap":{"0":{"start":{"line":1,"column":0},"end":{"line":1,"column":27}},"1":{"start":{"line":2,"column":16},"end":{"line":2,"column":34}},"2":{"start":{"line":3,"column":12},"end":{"line":3,"column":21}},"3":{"start":{"line":4,"column":13},"end":{"line":4,"column":37}},"4":{"start":{"line":5,"column":15},"end":{"line":5,"column":34}},"5":{"start":{"line":6,"column":21},"end":{"line":6,"column":58}},"6":{"start":{"line":7,"column":13},"end":{"line":7,"column":28}},"7":{"start":{"line":9,"column":0},"end":{"line":9,"column":16}},"8":{"start":{"line":10,"column":0},"end":{"line":10,"column":48}},"9":{"start":{"line":11,"column":0},"end":{"line":11,"column":24}},"10":{"start":{"line":12,"column":0},"end":{"line":12,"column":16}},"11":{"start":{"line":13,"column":0},"end":{"line":13,"column":22}},"12":{"start":{"line":15,"column":0},"end":{"line":15,"column":21}}},"fnMap":{},"branchMap":{"0":{"loc":{"start":{"line":4,"column":13},"end":{"line":4,"column":37}},"type":"binary-expr","locations":[{"start":{"line":4,"column":13},"end":{"line":4,"column":29}},{"start":{"line":4,"column":33},"end":{"line":4,"column":37}}],"line":4}},"s":{"0":1,"1":1,"2":1,"3":1,"4":1,"5":1,"6":1,"7":1,"8":1,"9":1,"10":1,"11":1,"12":1},"f":{},"b":{"0":[1,1]},"_coverageSchema":"1a1c01bbd47fc00a2c39e90264f33305004495a9","hash":"a9b2e6ffc687e2005319e26fd2234b441c0d18da"}
,"/home/dude/hacktive8/phase3/FINALPROJECT/development/final-project/controllers/UserController.js": {"path":"/home/dude/hacktive8/phase3/FINALPROJECT/development/final-project/controllers/UserController.js","statementMap":{"0":{"start":{"line":1,"column":19},"end":{"line":1,"column":47}},"1":{"start":{"line":2,"column":27},"end":{"line":2,"column":47}},"2":{"start":{"line":3,"column":17},"end":{"line":3,"column":42}},"3":{"start":{"line":7,"column":42},"end":{"line":7,"column":50}},"4":{"start":{"line":8,"column":24},"end":{"line":12,"column":5}},"5":{"start":{"line":14,"column":4},"end":{"line":48,"column":9}},"6":{"start":{"line":22,"column":8},"end":{"line":26,"column":11}},"7":{"start":{"line":29,"column":8},"end":{"line":37,"column":11}},"8":{"start":{"line":40,"column":29},"end":{"line":43,"column":10}},"9":{"start":{"line":44,"column":8},"end":{"line":44,"column":53}},"10":{"start":{"line":47,"column":8},"end":{"line":47,"column":18}},"11":{"start":{"line":52,"column":41},"end":{"line":52,"column":49}},"12":{"start":{"line":54,"column":4},"end":{"line":85,"column":9}},"13":{"start":{"line":60,"column":8},"end":{"line":80,"column":9}},"14":{"start":{"line":61,"column":26},"end":{"line":61,"column":57}},"15":{"start":{"line":62,"column":10},"end":{"line":77,"column":11}},"16":{"start":{"line":63,"column":33},"end":{"line":66,"column":14}},"17":{"start":{"line":67,"column":12},"end":{"line":74,"column":15}},"18":{"start":{"line":76,"column":12},"end":{"line":76,"column":66}},"19":{"start":{"line":79,"column":10},"end":{"line":79,"column":64}},"20":{"start":{"line":83,"column":8},"end":{"line":83,"column":25}},"21":{"start":{"line":84,"column":8},"end":{"line":84,"column":18}},"22":{"start":{"line":89,"column":25},"end":{"line":89,"column":33}},"23":{"start":{"line":90,"column":4},"end":{"line":100,"column":9}},"24":{"start":{"line":96,"column":8},"end":{"line":96,"column":39}},"25":{"start":{"line":99,"column":8},"end":{"line":99,"column":18}},"26":{"start":{"line":104,"column":22},"end":{"line":104,"column":30}},"27":{"start":{"line":105,"column":4},"end":{"line":115,"column":9}},"28":{"start":{"line":111,"column":8},"end":{"line":111,"column":39}},"29":{"start":{"line":114,"column":8},"end":{"line":114,"column":18}},"30":{"start":{"line":119,"column":25},"end":{"line":119,"column":33}},"31":{"start":{"line":120,"column":4},"end":{"line":130,"column":9}},"32":{"start":{"line":126,"column":8},"end":{"line":126,"column":39}},"33":{"start":{"line":129,"column":8},"end":{"line":129,"column":18}},"34":{"start":{"line":134,"column":0},"end":{"line":134,"column":32}}},"fnMap":{"0":{"name":"(anonymous_0)","decl":{"start":{"line":6,"column":2},"end":{"line":6,"column":3}},"loc":{"start":{"line":6,"column":34},"end":{"line":49,"column":3}},"line":6},"1":{"name":"(anonymous_1)","decl":{"start":{"line":21,"column":12},"end":{"line":21,"column":13}},"loc":{"start":{"line":21,"column":22},"end":{"line":27,"column":7}},"line":21},"2":{"name":"(anonymous_2)","decl":{"start":{"line":28,"column":12},"end":{"line":28,"column":13}},"loc":{"start":{"line":28,"column":26},"end":{"line":38,"column":7}},"line":28},"3":{"name":"(anonymous_3)","decl":{"start":{"line":39,"column":12},"end":{"line":39,"column":13}},"loc":{"start":{"line":39,"column":22},"end":{"line":45,"column":7}},"line":39},"4":{"name":"(anonymous_4)","decl":{"start":{"line":46,"column":13},"end":{"line":46,"column":14}},"loc":{"start":{"line":46,"column":22},"end":{"line":48,"column":7}},"line":46},"5":{"name":"(anonymous_5)","decl":{"start":{"line":51,"column":2},"end":{"line":51,"column":3}},"loc":{"start":{"line":51,"column":31},"end":{"line":86,"column":3}},"line":51},"6":{"name":"(anonymous_6)","decl":{"start":{"line":59,"column":12},"end":{"line":59,"column":13}},"loc":{"start":{"line":59,"column":22},"end":{"line":81,"column":7}},"line":59},"7":{"name":"(anonymous_7)","decl":{"start":{"line":82,"column":13},"end":{"line":82,"column":14}},"loc":{"start":{"line":82,"column":22},"end":{"line":85,"column":7}},"line":82},"8":{"name":"(anonymous_8)","decl":{"start":{"line":88,"column":2},"end":{"line":88,"column":3}},"loc":{"start":{"line":88,"column":40},"end":{"line":101,"column":3}},"line":88},"9":{"name":"(anonymous_9)","decl":{"start":{"line":95,"column":12},"end":{"line":95,"column":13}},"loc":{"start":{"line":95,"column":22},"end":{"line":97,"column":7}},"line":95},"10":{"name":"(anonymous_10)","decl":{"start":{"line":98,"column":13},"end":{"line":98,"column":14}},"loc":{"start":{"line":98,"column":22},"end":{"line":100,"column":7}},"line":98},"11":{"name":"(anonymous_11)","decl":{"start":{"line":103,"column":2},"end":{"line":103,"column":3}},"loc":{"start":{"line":103,"column":44},"end":{"line":116,"column":3}},"line":103},"12":{"name":"(anonymous_12)","decl":{"start":{"line":110,"column":12},"end":{"line":110,"column":13}},"loc":{"start":{"line":110,"column":22},"end":{"line":112,"column":7}},"line":110},"13":{"name":"(anonymous_13)","decl":{"start":{"line":113,"column":13},"end":{"line":113,"column":14}},"loc":{"start":{"line":113,"column":22},"end":{"line":115,"column":7}},"line":113},"14":{"name":"(anonymous_14)","decl":{"start":{"line":118,"column":2},"end":{"line":118,"column":3}},"loc":{"start":{"line":118,"column":47},"end":{"line":131,"column":3}},"line":118},"15":{"name":"(anonymous_15)","decl":{"start":{"line":125,"column":12},"end":{"line":125,"column":13}},"loc":{"start":{"line":125,"column":22},"end":{"line":127,"column":7}},"line":125},"16":{"name":"(anonymous_16)","decl":{"start":{"line":128,"column":13},"end":{"line":128,"column":14}},"loc":{"start":{"line":128,"column":22},"end":{"line":130,"column":7}},"line":128}},"branchMap":{"0":{"loc":{"start":{"line":60,"column":8},"end":{"line":80,"column":9}},"type":"if","locations":[{"start":{"line":60,"column":8},"end":{"line":80,"column":9}},{"start":{"line":60,"column":8},"end":{"line":80,"column":9}}],"line":60},"1":{"loc":{"start":{"line":62,"column":10},"end":{"line":77,"column":11}},"type":"if","locations":[{"start":{"line":62,"column":10},"end":{"line":77,"column":11}},{"start":{"line":62,"column":10},"end":{"line":77,"column":11}}],"line":62}},"s":{"0":1,"1":1,"2":1,"3":0,"4":0,"5":0,"6":0,"7":0,"8":0,"9":0,"10":0,"11":0,"12":0,"13":0,"14":0,"15":0,"16":0,"17":0,"18":0,"19":0,"20":0,"21":0,"22":0,"23":0,"24":0,"25":0,"26":0,"27":0,"28":0,"29":0,"30":0,"31":0,"32":0,"33":0,"34":1},"f":{"0":0,"1":0,"2":0,"3":0,"4":0,"5":0,"6":0,"7":0,"8":0,"9":0,"10":0,"11":0,"12":0,"13":0,"14":0,"15":0,"16":0},"b":{"0":[0,0],"1":[0,0]},"_coverageSchema":"1a1c01bbd47fc00a2c39e90264f33305004495a9","hash":"0863385dba0e48c4076df65c7c32593973bc9888"}
,"/home/dude/hacktive8/phase3/FINALPROJECT/development/final-project/controllers/appointmentController.js": {"path":"/home/dude/hacktive8/phase3/FINALPROJECT/development/final-project/controllers/appointmentController.js","statementMap":{"0":{"start":{"line":1,"column":41},"end":{"line":1,"column":61}},"1":{"start":{"line":5,"column":8},"end":{"line":20,"column":9}},"2":{"start":{"line":7,"column":12},"end":{"line":15,"column":13}},"3":{"start":{"line":8,"column":16},"end":{"line":12,"column":18}},"4":{"start":{"line":14,"column":16},"end":{"line":14,"column":106}},"5":{"start":{"line":16,"column":12},"end":{"line":16,"column":38}},"6":{"start":{"line":17,"column":12},"end":{"line":17,"column":84}},"7":{"start":{"line":19,"column":12},"end":{"line":19,"column":24}},"8":{"start":{"line":24,"column":8},"end":{"line":33,"column":9}},"9":{"start":{"line":25,"column":130},"end":{"line":25,"column":138}},"10":{"start":{"line":26,"column":26},"end":{"line":26,"column":107}},"11":{"start":{"line":27,"column":26},"end":{"line":27,"column":48}},"12":{"start":{"line":28,"column":28},"end":{"line":28,"column":36}},"13":{"start":{"line":29,"column":33},"end":{"line":29,"column":152}},"14":{"start":{"line":30,"column":12},"end":{"line":30,"column":46}},"15":{"start":{"line":32,"column":12},"end":{"line":32,"column":24}},"16":{"start":{"line":37,"column":8},"end":{"line":46,"column":9}},"17":{"start":{"line":38,"column":32},"end":{"line":38,"column":103}},"18":{"start":{"line":39,"column":12},"end":{"line":43,"column":13}},"19":{"start":{"line":40,"column":16},"end":{"line":40,"column":49}},"20":{"start":{"line":42,"column":16},"end":{"line":42,"column":58}},"21":{"start":{"line":45,"column":12},"end":{"line":45,"column":24}},"22":{"start":{"line":50,"column":27},"end":{"line":50,"column":35}},"23":{"start":{"line":51,"column":8},"end":{"line":65,"column":9}},"24":{"start":{"line":52,"column":30},"end":{"line":57,"column":14}},"25":{"start":{"line":58,"column":12},"end":{"line":62,"column":13}},"26":{"start":{"line":59,"column":12},"end":{"line":59,"column":45}},"27":{"start":{"line":61,"column":12},"end":{"line":61,"column":54}},"28":{"start":{"line":64,"column":12},"end":{"line":64,"column":24}},"29":{"start":{"line":69,"column":0},"end":{"line":69,"column":27}}},"fnMap":{"0":{"name":"(anonymous_0)","decl":{"start":{"line":4,"column":4},"end":{"line":4,"column":5}},"loc":{"start":{"line":4,"column":47},"end":{"line":21,"column":5}},"line":4},"1":{"name":"(anonymous_1)","decl":{"start":{"line":23,"column":4},"end":{"line":23,"column":5}},"loc":{"start":{"line":23,"column":48},"end":{"line":34,"column":5}},"line":23},"2":{"name":"(anonymous_2)","decl":{"start":{"line":36,"column":4},"end":{"line":36,"column":5}},"loc":{"start":{"line":36,"column":59},"end":{"line":47,"column":5}},"line":36},"3":{"name":"(anonymous_3)","decl":{"start":{"line":49,"column":4},"end":{"line":49,"column":5}},"loc":{"start":{"line":49,"column":49},"end":{"line":66,"column":5}},"line":49}},"branchMap":{"0":{"loc":{"start":{"line":7,"column":12},"end":{"line":15,"column":13}},"type":"if","locations":[{"start":{"line":7,"column":12},"end":{"line":15,"column":13}},{"start":{"line":7,"column":12},"end":{"line":15,"column":13}}],"line":7},"1":{"loc":{"start":{"line":39,"column":12},"end":{"line":43,"column":13}},"type":"if","locations":[{"start":{"line":39,"column":12},"end":{"line":43,"column":13}},{"start":{"line":39,"column":12},"end":{"line":43,"column":13}}],"line":39},"2":{"loc":{"start":{"line":58,"column":12},"end":{"line":62,"column":13}},"type":"if","locations":[{"start":{"line":58,"column":12},"end":{"line":62,"column":13}},{"start":{"line":58,"column":12},"end":{"line":62,"column":13}}],"line":58}},"s":{"0":1,"1":0,"2":0,"3":0,"4":0,"5":0,"6":0,"7":0,"8":0,"9":0,"10":0,"11":0,"12":0,"13":0,"14":0,"15":0,"16":0,"17":0,"18":0,"19":0,"20":0,"21":0,"22":0,"23":0,"24":0,"25":0,"26":0,"27":0,"28":0,"29":1},"f":{"0":0,"1":0,"2":0,"3":0},"b":{"0":[0,0],"1":[0,0],"2":[0,0]},"_coverageSchema":"1a1c01bbd47fc00a2c39e90264f33305004495a9","hash":"d548513d9363da8829d371ce0fae9a2ce458660c"}
,"/home/dude/hacktive8/phase3/FINALPROJECT/development/final-project/controllers/customerController.js": {"path":"/home/dude/hacktive8/phase3/FINALPROJECT/development/final-project/controllers/customerController.js","statementMap":{"0":{"start":{"line":1,"column":19},"end":{"line":1,"column":45}},"1":{"start":{"line":5,"column":8},"end":{"line":11,"column":10}},"2":{"start":{"line":7,"column":12},"end":{"line":7,"column":45}},"3":{"start":{"line":10,"column":12},"end":{"line":10,"column":21}},"4":{"start":{"line":15,"column":27},"end":{"line":20,"column":9}},"5":{"start":{"line":21,"column":8},"end":{"line":26,"column":10}},"6":{"start":{"line":23,"column":12},"end":{"line":23,"column":44}},"7":{"start":{"line":25,"column":12},"end":{"line":25,"column":21}},"8":{"start":{"line":30,"column":17},"end":{"line":30,"column":30}},"9":{"start":{"line":31,"column":8},"end":{"line":41,"column":10}},"10":{"start":{"line":33,"column":12},"end":{"line":37,"column":13}},"11":{"start":{"line":34,"column":16},"end":{"line":34,"column":59}},"12":{"start":{"line":36,"column":16},"end":{"line":36,"column":48}},"13":{"start":{"line":40,"column":12},"end":{"line":40,"column":21}},"14":{"start":{"line":45,"column":17},"end":{"line":45,"column":30}},"15":{"start":{"line":46,"column":8},"end":{"line":56,"column":10}},"16":{"start":{"line":48,"column":12},"end":{"line":52,"column":13}},"17":{"start":{"line":49,"column":16},"end":{"line":49,"column":59}},"18":{"start":{"line":51,"column":16},"end":{"line":51,"column":66}},"19":{"start":{"line":55,"column":12},"end":{"line":55,"column":21}},"20":{"start":{"line":62,"column":0},"end":{"line":62,"column":35}}},"fnMap":{"0":{"name":"(anonymous_0)","decl":{"start":{"line":4,"column":4},"end":{"line":4,"column":5}},"loc":{"start":{"line":4,"column":36},"end":{"line":12,"column":5}},"line":4},"1":{"name":"(anonymous_1)","decl":{"start":{"line":6,"column":14},"end":{"line":6,"column":15}},"loc":{"start":{"line":6,"column":25},"end":{"line":8,"column":9}},"line":6},"2":{"name":"(anonymous_2)","decl":{"start":{"line":9,"column":15},"end":{"line":9,"column":16}},"loc":{"start":{"line":9,"column":20},"end":{"line":11,"column":9}},"line":9},"3":{"name":"(anonymous_3)","decl":{"start":{"line":14,"column":4},"end":{"line":14,"column":5}},"loc":{"start":{"line":14,"column":37},"end":{"line":27,"column":5}},"line":14},"4":{"name":"(anonymous_4)","decl":{"start":{"line":22,"column":14},"end":{"line":22,"column":15}},"loc":{"start":{"line":22,"column":24},"end":{"line":24,"column":9}},"line":22},"5":{"name":"(anonymous_5)","decl":{"start":{"line":24,"column":17},"end":{"line":24,"column":18}},"loc":{"start":{"line":24,"column":22},"end":{"line":26,"column":9}},"line":24},"6":{"name":"(anonymous_6)","decl":{"start":{"line":29,"column":4},"end":{"line":29,"column":5}},"loc":{"start":{"line":29,"column":40},"end":{"line":42,"column":5}},"line":29},"7":{"name":"(anonymous_7)","decl":{"start":{"line":32,"column":14},"end":{"line":32,"column":15}},"loc":{"start":{"line":32,"column":24},"end":{"line":38,"column":9}},"line":32},"8":{"name":"(anonymous_8)","decl":{"start":{"line":39,"column":15},"end":{"line":39,"column":16}},"loc":{"start":{"line":39,"column":20},"end":{"line":41,"column":9}},"line":39},"9":{"name":"(anonymous_9)","decl":{"start":{"line":44,"column":4},"end":{"line":44,"column":5}},"loc":{"start":{"line":44,"column":39},"end":{"line":57,"column":5}},"line":44},"10":{"name":"(anonymous_10)","decl":{"start":{"line":47,"column":14},"end":{"line":47,"column":15}},"loc":{"start":{"line":47,"column":24},"end":{"line":53,"column":9}},"line":47},"11":{"name":"(anonymous_11)","decl":{"start":{"line":54,"column":15},"end":{"line":54,"column":16}},"loc":{"start":{"line":54,"column":20},"end":{"line":56,"column":9}},"line":54}},"branchMap":{"0":{"loc":{"start":{"line":33,"column":12},"end":{"line":37,"column":13}},"type":"if","locations":[{"start":{"line":33,"column":12},"end":{"line":37,"column":13}},{"start":{"line":33,"column":12},"end":{"line":37,"column":13}}],"line":33},"1":{"loc":{"start":{"line":48,"column":12},"end":{"line":52,"column":13}},"type":"if","locations":[{"start":{"line":48,"column":12},"end":{"line":52,"column":13}},{"start":{"line":48,"column":12},"end":{"line":52,"column":13}}],"line":48}},"s":{"0":1,"1":0,"2":0,"3":0,"4":0,"5":0,"6":0,"7":0,"8":0,"9":0,"10":0,"11":0,"12":0,"13":0,"14":0,"15":0,"16":0,"17":0,"18":0,"19":0,"20":1},"f":{"0":0,"1":0,"2":0,"3":0,"4":0,"5":0,"6":0,"7":0,"8":0,"9":0,"10":0,"11":0},"b":{"0":[0,0],"1":[0,0]},"_coverageSchema":"1a1c01bbd47fc00a2c39e90264f33305004495a9","hash":"5575979f357524426e98c9296504ded9c4f5bf21"}
,"/home/dude/hacktive8/phase3/FINALPROJECT/development/final-project/controllers/presence.js": {"path":"/home/dude/hacktive8/phase3/FINALPROJECT/development/final-project/controllers/presence.js","statementMap":{"0":{"start":{"line":1,"column":38},"end":{"line":1,"column":58}},"1":{"start":{"line":2,"column":25},"end":{"line":2,"column":50}},"2":{"start":{"line":6,"column":8},"end":{"line":16,"column":9}},"3":{"start":{"line":7,"column":12},"end":{"line":7,"column":34}},"4":{"start":{"line":8,"column":78},"end":{"line":8,"column":86}},"5":{"start":{"line":9,"column":33},"end":{"line":9,"column":43}},"6":{"start":{"line":10,"column":33},"end":{"line":10,"column":130}},"7":{"start":{"line":11,"column":26},"end":{"line":11,"column":137}},"8":{"start":{"line":12,"column":12},"end":{"line":12,"column":55}},"9":{"start":{"line":13,"column":12},"end":{"line":13,"column":55}},"10":{"start":{"line":15,"column":12},"end":{"line":15,"column":23}},"11":{"start":{"line":20,"column":8},"end":{"line":25,"column":9}},"12":{"start":{"line":21,"column":33},"end":{"line":21,"column":92}},"13":{"start":{"line":22,"column":12},"end":{"line":22,"column":46}},"14":{"start":{"line":24,"column":12},"end":{"line":24,"column":23}},"15":{"start":{"line":30,"column":0},"end":{"line":30,"column":27}}},"fnMap":{"0":{"name":"(anonymous_0)","decl":{"start":{"line":5,"column":4},"end":{"line":5,"column":5}},"loc":{"start":{"line":5,"column":46},"end":{"line":17,"column":5}},"line":5},"1":{"name":"(anonymous_1)","decl":{"start":{"line":19,"column":4},"end":{"line":19,"column":5}},"loc":{"start":{"line":19,"column":45},"end":{"line":26,"column":5}},"line":19}},"branchMap":{},"s":{"0":1,"1":1,"2":1,"3":1,"4":1,"5":1,"6":1,"7":1,"8":1,"9":1,"10":0,"11":0,"12":0,"13":0,"14":0,"15":1},"f":{"0":1,"1":0},"b":{},"_coverageSchema":"1a1c01bbd47fc00a2c39e90264f33305004495a9","hash":"fe14256af6259c617e8b9e84ce05f65721fad54b"}
,"/home/dude/hacktive8/phase3/FINALPROJECT/development/final-project/controllers/payment/stripe.js": {"path":"/home/dude/hacktive8/phase3/FINALPROJECT/development/final-project/controllers/payment/stripe.js","statementMap":{"0":{"start":{"line":1,"column":15},"end":{"line":1,"column":46}},"1":{"start":{"line":3,"column":0},"end":{"line":39,"column":1}},"2":{"start":{"line":5,"column":61},"end":{"line":5,"column":69}},"3":{"start":{"line":7,"column":4},"end":{"line":27,"column":5}},"4":{"start":{"line":8,"column":23},"end":{"line":8,"column":51}},"5":{"start":{"line":9,"column":21},"end":{"line":9,"column":47}},"6":{"start":{"line":10,"column":30},"end":{"line":10,"column":118}},"7":{"start":{"line":10,"column":60},"end":{"line":10,"column":117}},"8":{"start":{"line":11,"column":28},"end":{"line":11,"column":91}},"9":{"start":{"line":11,"column":54},"end":{"line":11,"column":90}},"10":{"start":{"line":13,"column":28},"end":{"line":22,"column":7}},"11":{"start":{"line":23,"column":22},"end":{"line":23,"column":73}},"12":{"start":{"line":24,"column":6},"end":{"line":24,"column":35}},"13":{"start":{"line":26,"column":6},"end":{"line":26,"column":17}},"14":{"start":{"line":31,"column":22},"end":{"line":31,"column":35}},"15":{"start":{"line":32,"column":4},"end":{"line":37,"column":5}},"16":{"start":{"line":33,"column":27},"end":{"line":33,"column":82}},"17":{"start":{"line":34,"column":6},"end":{"line":34,"column":48}},"18":{"start":{"line":36,"column":6},"end":{"line":36,"column":17}}},"fnMap":{"0":{"name":"(anonymous_0)","decl":{"start":{"line":4,"column":2},"end":{"line":4,"column":3}},"loc":{"start":{"line":4,"column":46},"end":{"line":28,"column":3}},"line":4},"1":{"name":"(anonymous_1)","decl":{"start":{"line":10,"column":49},"end":{"line":10,"column":50}},"loc":{"start":{"line":10,"column":60},"end":{"line":10,"column":117}},"line":10},"2":{"name":"(anonymous_2)","decl":{"start":{"line":11,"column":45},"end":{"line":11,"column":46}},"loc":{"start":{"line":11,"column":54},"end":{"line":11,"column":90}},"line":11},"3":{"name":"(anonymous_3)","decl":{"start":{"line":30,"column":2},"end":{"line":30,"column":3}},"loc":{"start":{"line":30,"column":47},"end":{"line":38,"column":3}},"line":30}},"branchMap":{},"s":{"0":1,"1":1,"2":0,"3":0,"4":0,"5":0,"6":0,"7":0,"8":0,"9":0,"10":0,"11":0,"12":0,"13":0,"14":0,"15":0,"16":0,"17":0,"18":0},"f":{"0":0,"1":0,"2":0,"3":0},"b":{},"_coverageSchema":"1a1c01bbd47fc00a2c39e90264f33305004495a9","hash":"c1915ff63f373f8c024c4cd00b93f94e77831dc3"}
,"/home/dude/hacktive8/phase3/FINALPROJECT/development/final-project/controllers/payment/xendit.js": {"path":"/home/dude/hacktive8/phase3/FINALPROJECT/development/final-project/controllers/payment/xendit.js","statementMap":{"0":{"start":{"line":1,"column":23},"end":{"line":1,"column":54}},"1":{"start":{"line":2,"column":14},"end":{"line":2,"column":30}},"2":{"start":{"line":3,"column":23},"end":{"line":3,"column":37}},"3":{"start":{"line":4,"column":26},"end":{"line":4,"column":28}},"4":{"start":{"line":5,"column":11},"end":{"line":5,"column":44}},"5":{"start":{"line":7,"column":0},"end":{"line":37,"column":1}},"6":{"start":{"line":10,"column":17},"end":{"line":10,"column":78}},"7":{"start":{"line":11,"column":60},"end":{"line":11,"column":68}},"8":{"start":{"line":12,"column":18},"end":{"line":12,"column":107}},"9":{"start":{"line":13,"column":4},"end":{"line":18,"column":5}},"10":{"start":{"line":14,"column":29},"end":{"line":14,"column":58}},"11":{"start":{"line":15,"column":6},"end":{"line":15,"column":42}},"12":{"start":{"line":17,"column":6},"end":{"line":17,"column":17}},"13":{"start":{"line":22,"column":35},"end":{"line":22,"column":43}},"14":{"start":{"line":23,"column":19},"end":{"line":23,"column":132}},"15":{"start":{"line":24,"column":26},"end":{"line":24,"column":43}},"16":{"start":{"line":25,"column":4},"end":{"line":35,"column":5}},"17":{"start":{"line":26,"column":23},"end":{"line":31,"column":8}},"18":{"start":{"line":32,"column":6},"end":{"line":32,"column":41}},"19":{"start":{"line":34,"column":6},"end":{"line":34,"column":17}}},"fnMap":{"0":{"name":"(anonymous_0)","decl":{"start":{"line":9,"column":2},"end":{"line":9,"column":3}},"loc":{"start":{"line":9,"column":52},"end":{"line":19,"column":3}},"line":9},"1":{"name":"(anonymous_1)","decl":{"start":{"line":21,"column":2},"end":{"line":21,"column":3}},"loc":{"start":{"line":21,"column":49},"end":{"line":36,"column":3}},"line":21}},"branchMap":{},"s":{"0":1,"1":1,"2":1,"3":1,"4":1,"5":1,"6":0,"7":0,"8":0,"9":0,"10":0,"11":0,"12":0,"13":0,"14":0,"15":0,"16":0,"17":0,"18":0,"19":0},"f":{"0":0,"1":0},"b":{},"_coverageSchema":"1a1c01bbd47fc00a2c39e90264f33305004495a9","hash":"11e33b533d0b056f52dabe0b819f5e9cbbc77609"}
,"/home/dude/hacktive8/phase3/FINALPROJECT/development/final-project/helpers/bcrypt.js": {"path":"/home/dude/hacktive8/phase3/FINALPROJECT/development/final-project/helpers/bcrypt.js","statementMap":{"0":{"start":{"line":1,"column":15},"end":{"line":1,"column":34}},"1":{"start":{"line":3,"column":15},"end":{"line":6,"column":1}},"2":{"start":{"line":4,"column":15},"end":{"line":4,"column":36}},"3":{"start":{"line":5,"column":2},"end":{"line":5,"column":41}},"4":{"start":{"line":8,"column":15},"end":{"line":10,"column":1}},"5":{"start":{"line":9,"column":2},"end":{"line":9,"column":46}},"6":{"start":{"line":12,"column":0},"end":{"line":15,"column":2}}},"fnMap":{"0":{"name":"(anonymous_0)","decl":{"start":{"line":3,"column":15},"end":{"line":3,"column":16}},"loc":{"start":{"line":3,"column":29},"end":{"line":6,"column":1}},"line":3},"1":{"name":"(anonymous_1)","decl":{"start":{"line":8,"column":15},"end":{"line":8,"column":16}},"loc":{"start":{"line":8,"column":37},"end":{"line":10,"column":1}},"line":8}},"branchMap":{},"s":{"0":1,"1":1,"2":0,"3":0,"4":1,"5":0,"6":1},"f":{"0":0,"1":0},"b":{},"_coverageSchema":"1a1c01bbd47fc00a2c39e90264f33305004495a9","hash":"c339fe154f4ba005946470fbbcb264f7df4008f5"}
,"/home/dude/hacktive8/phase3/FINALPROJECT/development/final-project/helpers/jwt.js": {"path":"/home/dude/hacktive8/phase3/FINALPROJECT/development/final-project/helpers/jwt.js","statementMap":{"0":{"start":{"line":1,"column":12},"end":{"line":1,"column":35}},"1":{"start":{"line":2,"column":20},"end":{"line":2,"column":42}},"2":{"start":{"line":4,"column":13},"end":{"line":6,"column":1}},"3":{"start":{"line":5,"column":2},"end":{"line":5,"column":36}},"4":{"start":{"line":8,"column":15},"end":{"line":10,"column":1}},"5":{"start":{"line":9,"column":2},"end":{"line":9,"column":40}},"6":{"start":{"line":12,"column":0},"end":{"line":15,"column":2}}},"fnMap":{"0":{"name":"(anonymous_0)","decl":{"start":{"line":4,"column":13},"end":{"line":4,"column":14}},"loc":{"start":{"line":4,"column":22},"end":{"line":6,"column":1}},"line":4},"1":{"name":"(anonymous_1)","decl":{"start":{"line":8,"column":15},"end":{"line":8,"column":16}},"loc":{"start":{"line":8,"column":26},"end":{"line":10,"column":1}},"line":8}},"branchMap":{},"s":{"0":1,"1":1,"2":1,"3":1,"4":1,"5":1,"6":1},"f":{"0":1,"1":1},"b":{},"_coverageSchema":"1a1c01bbd47fc00a2c39e90264f33305004495a9","hash":"17e32d4df10f23adbd495d5ae475b2705202c1f9"}
,"/home/dude/hacktive8/phase3/FINALPROJECT/development/final-project/helpers/stripe/index.js": {"path":"/home/dude/hacktive8/phase3/FINALPROJECT/development/final-project/helpers/stripe/index.js","statementMap":{"0":{"start":{"line":1,"column":15},"end":{"line":1,"column":143}},"1":{"start":{"line":3,"column":0},"end":{"line":3,"column":23}}},"fnMap":{},"branchMap":{},"s":{"0":1,"1":1},"f":{},"b":{},"_coverageSchema":"1a1c01bbd47fc00a2c39e90264f33305004495a9","hash":"3114e919b046af44529853e14cc42c8be9805251"}
,"/home/dude/hacktive8/phase3/FINALPROJECT/development/final-project/helpers/xendit/index.js": {"path":"/home/dude/hacktive8/phase3/FINALPROJECT/development/final-project/helpers/xendit/index.js","statementMap":{"0":{"start":{"line":1,"column":15},"end":{"line":1,"column":37}},"1":{"start":{"line":2,"column":23},"end":{"line":4,"column":2}},"2":{"start":{"line":6,"column":0},"end":{"line":6,"column":31}}},"fnMap":{},"branchMap":{},"s":{"0":1,"1":1,"2":1},"f":{},"b":{},"_coverageSchema":"1a1c01bbd47fc00a2c39e90264f33305004495a9","hash":"a8d33a5a147f8bff584ac952660dc632bc79e173"}
,"/home/dude/hacktive8/phase3/FINALPROJECT/development/final-project/middlewares/authentication.js": {"path":"/home/dude/hacktive8/phase3/FINALPROJECT/development/final-project/middlewares/authentication.js","statementMap":{"0":{"start":{"line":1,"column":19},"end":{"line":1,"column":44}},"1":{"start":{"line":2,"column":17},"end":{"line":2,"column":37}},"2":{"start":{"line":4,"column":23},"end":{"line":26,"column":1}},"3":{"start":{"line":5,"column":2},"end":{"line":25,"column":3}},"4":{"start":{"line":6,"column":25},"end":{"line":6,"column":49}},"5":{"start":{"line":7,"column":4},"end":{"line":22,"column":5}},"6":{"start":{"line":8,"column":22},"end":{"line":8,"column":42}},"7":{"start":{"line":9,"column":19},"end":{"line":13,"column":8}},"8":{"start":{"line":14,"column":6},"end":{"line":19,"column":7}},"9":{"start":{"line":15,"column":8},"end":{"line":15,"column":24}},"10":{"start":{"line":16,"column":8},"end":{"line":16,"column":15}},"11":{"start":{"line":18,"column":8},"end":{"line":18,"column":59}},"12":{"start":{"line":21,"column":6},"end":{"line":21,"column":57}},"13":{"start":{"line":24,"column":4},"end":{"line":24,"column":14}},"14":{"start":{"line":28,"column":0},"end":{"line":28,"column":32}}},"fnMap":{"0":{"name":"(anonymous_0)","decl":{"start":{"line":4,"column":23},"end":{"line":4,"column":24}},"loc":{"start":{"line":4,"column":49},"end":{"line":26,"column":1}},"line":4}},"branchMap":{"0":{"loc":{"start":{"line":7,"column":4},"end":{"line":22,"column":5}},"type":"if","locations":[{"start":{"line":7,"column":4},"end":{"line":22,"column":5}},{"start":{"line":7,"column":4},"end":{"line":22,"column":5}}],"line":7},"1":{"loc":{"start":{"line":14,"column":6},"end":{"line":19,"column":7}},"type":"if","locations":[{"start":{"line":14,"column":6},"end":{"line":19,"column":7}},{"start":{"line":14,"column":6},"end":{"line":19,"column":7}}],"line":14}},"s":{"0":1,"1":1,"2":1,"3":0,"4":0,"5":0,"6":0,"7":0,"8":0,"9":0,"10":0,"11":0,"12":0,"13":0,"14":1},"f":{"0":0},"b":{"0":[0,0],"1":[0,0]},"_coverageSchema":"1a1c01bbd47fc00a2c39e90264f33305004495a9","hash":"c20fcdcdc95414386784c696aa9201c94740d5a8"}
,"/home/dude/hacktive8/phase3/FINALPROJECT/development/final-project/middlewares/errorHandler.js": {"path":"/home/dude/hacktive8/phase3/FINALPROJECT/development/final-project/middlewares/errorHandler.js","statementMap":{"0":{"start":{"line":1,"column":21},"end":{"line":14,"column":1}},"1":{"start":{"line":2,"column":2},"end":{"line":13,"column":3}},"2":{"start":{"line":3,"column":4},"end":{"line":3,"column":54}},"3":{"start":{"line":4,"column":9},"end":{"line":13,"column":3}},"4":{"start":{"line":5,"column":18},"end":{"line":5,"column":52}},"5":{"start":{"line":5,"column":41},"end":{"line":5,"column":51}},"6":{"start":{"line":6,"column":4},"end":{"line":6,"column":38}},"7":{"start":{"line":7,"column":9},"end":{"line":13,"column":3}},"8":{"start":{"line":8,"column":4},"end":{"line":8,"column":43}},"9":{"start":{"line":9,"column":9},"end":{"line":13,"column":3}},"10":{"start":{"line":10,"column":4},"end":{"line":10,"column":52}},"11":{"start":{"line":12,"column":4},"end":{"line":12,"column":63}},"12":{"start":{"line":16,"column":0},"end":{"line":16,"column":30}}},"fnMap":{"0":{"name":"(anonymous_0)","decl":{"start":{"line":1,"column":21},"end":{"line":1,"column":22}},"loc":{"start":{"line":1,"column":46},"end":{"line":14,"column":1}},"line":1},"1":{"name":"(anonymous_1)","decl":{"start":{"line":5,"column":33},"end":{"line":5,"column":34}},"loc":{"start":{"line":5,"column":41},"end":{"line":5,"column":51}},"line":5}},"branchMap":{"0":{"loc":{"start":{"line":2,"column":2},"end":{"line":13,"column":3}},"type":"if","locations":[{"start":{"line":2,"column":2},"end":{"line":13,"column":3}},{"start":{"line":2,"column":2},"end":{"line":13,"column":3}}],"line":2},"1":{"loc":{"start":{"line":4,"column":9},"end":{"line":13,"column":3}},"type":"if","locations":[{"start":{"line":4,"column":9},"end":{"line":13,"column":3}},{"start":{"line":4,"column":9},"end":{"line":13,"column":3}}],"line":4},"2":{"loc":{"start":{"line":7,"column":9},"end":{"line":13,"column":3}},"type":"if","locations":[{"start":{"line":7,"column":9},"end":{"line":13,"column":3}},{"start":{"line":7,"column":9},"end":{"line":13,"column":3}}],"line":7},"3":{"loc":{"start":{"line":9,"column":9},"end":{"line":13,"column":3}},"type":"if","locations":[{"start":{"line":9,"column":9},"end":{"line":13,"column":3}},{"start":{"line":9,"column":9},"end":{"line":13,"column":3}}],"line":9}},"s":{"0":1,"1":0,"2":0,"3":0,"4":0,"5":0,"6":0,"7":0,"8":0,"9":0,"10":0,"11":0,"12":1},"f":{"0":0,"1":0},"b":{"0":[0,0],"1":[0,0],"2":[0,0],"3":[0,0]},"_coverageSchema":"1a1c01bbd47fc00a2c39e90264f33305004495a9","hash":"bd9f5741c99ede0acb0b407cbb86c779e763a77b"}
,"/home/dude/hacktive8/phase3/FINALPROJECT/development/final-project/models/appointment.js": {"path":"/home/dude/hacktive8/phase3/FINALPROJECT/development/final-project/models/appointment.js","statementMap":{"0":{"start":{"line":2,"column":18},"end":{"line":2,"column":38}},"1":{"start":{"line":3,"column":12},"end":{"line":3,"column":53}},"2":{"start":{"line":4,"column":0},"end":{"line":92,"column":2}},"3":{"start":{"line":13,"column":6},"end":{"line":15,"column":44}},"4":{"start":{"line":18,"column":2},"end":{"line":90,"column":4}},"5":{"start":{"line":91,"column":2},"end":{"line":91,"column":21}}},"fnMap":{"0":{"name":"(anonymous_0)","decl":{"start":{"line":4,"column":17},"end":{"line":4,"column":18}},"loc":{"start":{"line":4,"column":43},"end":{"line":92,"column":1}},"line":4},"1":{"name":"(anonymous_1)","decl":{"start":{"line":11,"column":4},"end":{"line":11,"column":5}},"loc":{"start":{"line":11,"column":29},"end":{"line":16,"column":5}},"line":11}},"branchMap":{},"s":{"0":1,"1":1,"2":1,"3":1,"4":1,"5":1},"f":{"0":1,"1":1},"b":{},"_coverageSchema":"1a1c01bbd47fc00a2c39e90264f33305004495a9","hash":"b3a16a668ebd4989bd9f55a7b33ea6bd112cda41"}
,"/home/dude/hacktive8/phase3/FINALPROJECT/development/final-project/models/customer.js": {"path":"/home/dude/hacktive8/phase3/FINALPROJECT/development/final-project/models/customer.js","statementMap":{"0":{"start":{"line":2,"column":18},"end":{"line":2,"column":38}},"1":{"start":{"line":3,"column":0},"end":{"line":54,"column":2}},"2":{"start":{"line":12,"column":6},"end":{"line":12,"column":38}},"3":{"start":{"line":13,"column":6},"end":{"line":13,"column":43}},"4":{"start":{"line":17,"column":2},"end":{"line":51,"column":5}},"5":{"start":{"line":53,"column":2},"end":{"line":53,"column":18}}},"fnMap":{"0":{"name":"(anonymous_0)","decl":{"start":{"line":3,"column":17},"end":{"line":3,"column":18}},"loc":{"start":{"line":3,"column":43},"end":{"line":54,"column":1}},"line":3},"1":{"name":"(anonymous_1)","decl":{"start":{"line":10,"column":4},"end":{"line":10,"column":5}},"loc":{"start":{"line":10,"column":29},"end":{"line":14,"column":5}},"line":10}},"branchMap":{},"s":{"0":1,"1":1,"2":1,"3":1,"4":1,"5":1},"f":{"0":1,"1":1},"b":{},"_coverageSchema":"1a1c01bbd47fc00a2c39e90264f33305004495a9","hash":"543dbe022f065253eb2a5b6f7a78cdd2fd864c58"}
,"/home/dude/hacktive8/phase3/FINALPROJECT/development/final-project/models/index.js": {"path":"/home/dude/hacktive8/phase3/FINALPROJECT/development/final-project/models/index.js","statementMap":{"0":{"start":{"line":3,"column":11},"end":{"line":3,"column":24}},"1":{"start":{"line":4,"column":13},"end":{"line":4,"column":28}},"2":{"start":{"line":5,"column":18},"end":{"line":5,"column":38}},"3":{"start":{"line":6,"column":17},"end":{"line":6,"column":42}},"4":{"start":{"line":7,"column":12},"end":{"line":7,"column":49}},"5":{"start":{"line":8,"column":15},"end":{"line":8,"column":65}},"6":{"start":{"line":9,"column":11},"end":{"line":9,"column":13}},"7":{"start":{"line":12,"column":0},"end":{"line":16,"column":1}},"8":{"start":{"line":13,"column":2},"end":{"line":13,"column":74}},"9":{"start":{"line":15,"column":2},"end":{"line":15,"column":87}},"10":{"start":{"line":18,"column":0},"end":{"line":26,"column":5}},"11":{"start":{"line":21,"column":4},"end":{"line":21,"column":90}},"12":{"start":{"line":24,"column":18},"end":{"line":24,"column":85}},"13":{"start":{"line":25,"column":4},"end":{"line":25,"column":27}},"14":{"start":{"line":28,"column":0},"end":{"line":32,"column":3}},"15":{"start":{"line":29,"column":2},"end":{"line":31,"column":3}},"16":{"start":{"line":30,"column":4},"end":{"line":30,"column":32}},"17":{"start":{"line":34,"column":0},"end":{"line":34,"column":25}},"18":{"start":{"line":35,"column":0},"end":{"line":35,"column":25}},"19":{"start":{"line":37,"column":0},"end":{"line":37,"column":20}}},"fnMap":{"0":{"name":"(anonymous_0)","decl":{"start":{"line":20,"column":10},"end":{"line":20,"column":11}},"loc":{"start":{"line":20,"column":18},"end":{"line":22,"column":3}},"line":20},"1":{"name":"(anonymous_1)","decl":{"start":{"line":23,"column":11},"end":{"line":23,"column":12}},"loc":{"start":{"line":23,"column":19},"end":{"line":26,"column":3}},"line":23},"2":{"name":"(anonymous_2)","decl":{"start":{"line":28,"column":24},"end":{"line":28,"column":25}},"loc":{"start":{"line":28,"column":37},"end":{"line":32,"column":1}},"line":28}},"branchMap":{"0":{"loc":{"start":{"line":7,"column":12},"end":{"line":7,"column":49}},"type":"binary-expr","locations":[{"start":{"line":7,"column":12},"end":{"line":7,"column":32}},{"start":{"line":7,"column":36},"end":{"line":7,"column":49}}],"line":7},"1":{"loc":{"start":{"line":12,"column":0},"end":{"line":16,"column":1}},"type":"if","locations":[{"start":{"line":12,"column":0},"end":{"line":16,"column":1}},{"start":{"line":12,"column":0},"end":{"line":16,"column":1}}],"line":12},"2":{"loc":{"start":{"line":21,"column":11},"end":{"line":21,"column":89}},"type":"binary-expr","locations":[{"start":{"line":21,"column":12},"end":{"line":21,"column":35}},{"start":{"line":21,"column":41},"end":{"line":21,"column":58}},{"start":{"line":21,"column":64},"end":{"line":21,"column":88}}],"line":21},"3":{"loc":{"start":{"line":29,"column":2},"end":{"line":31,"column":3}},"type":"if","locations":[{"start":{"line":29,"column":2},"end":{"line":31,"column":3}},{"start":{"line":29,"column":2},"end":{"line":31,"column":3}}],"line":29}},"s":{"0":1,"1":1,"2":1,"3":1,"4":1,"5":1,"6":1,"7":1,"8":0,"9":1,"10":1,"11":6,"12":5,"13":5,"14":1,"15":5,"16":5,"17":1,"18":1,"19":1},"f":{"0":6,"1":5,"2":5},"b":{"0":[1,0],"1":[0,1],"2":[6,6,5],"3":[5,0]},"_coverageSchema":"1a1c01bbd47fc00a2c39e90264f33305004495a9","hash":"be742a9ff12f7f3f4423b8676923ecffef5eec4e"}
,"/home/dude/hacktive8/phase3/FINALPROJECT/development/final-project/models/presencelist.js": {"path":"/home/dude/hacktive8/phase3/FINALPROJECT/development/final-project/models/presencelist.js","statementMap":{"0":{"start":{"line":2,"column":18},"end":{"line":2,"column":38}},"1":{"start":{"line":3,"column":12},"end":{"line":3,"column":53}},"2":{"start":{"line":4,"column":0},"end":{"line":50,"column":2}},"3":{"start":{"line":13,"column":6},"end":{"line":13,"column":49}},"4":{"start":{"line":16,"column":2},"end":{"line":47,"column":5}},"5":{"start":{"line":49,"column":2},"end":{"line":49,"column":22}}},"fnMap":{"0":{"name":"(anonymous_0)","decl":{"start":{"line":4,"column":17},"end":{"line":4,"column":18}},"loc":{"start":{"line":4,"column":43},"end":{"line":50,"column":1}},"line":4},"1":{"name":"(anonymous_1)","decl":{"start":{"line":11,"column":4},"end":{"line":11,"column":5}},"loc":{"start":{"line":11,"column":29},"end":{"line":14,"column":5}},"line":11}},"branchMap":{},"s":{"0":1,"1":1,"2":1,"3":1,"4":1,"5":1},"f":{"0":1,"1":1},"b":{},"_coverageSchema":"1a1c01bbd47fc00a2c39e90264f33305004495a9","hash":"f6f3e288556aecf7e05920a96d9709616428a221"}
,"/home/dude/hacktive8/phase3/FINALPROJECT/development/final-project/models/price.js": {"path":"/home/dude/hacktive8/phase3/FINALPROJECT/development/final-project/models/price.js","statementMap":{"0":{"start":{"line":2,"column":18},"end":{"line":2,"column":38}},"1":{"start":{"line":3,"column":0},"end":{"line":27,"column":2}},"2":{"start":{"line":12,"column":6},"end":{"line":12,"column":40}},"3":{"start":{"line":15,"column":2},"end":{"line":25,"column":4}},"4":{"start":{"line":26,"column":2},"end":{"line":26,"column":15}}},"fnMap":{"0":{"name":"(anonymous_0)","decl":{"start":{"line":3,"column":17},"end":{"line":3,"column":18}},"loc":{"start":{"line":3,"column":43},"end":{"line":27,"column":1}},"line":3},"1":{"name":"(anonymous_1)","decl":{"start":{"line":10,"column":4},"end":{"line":10,"column":5}},"loc":{"start":{"line":10,"column":29},"end":{"line":13,"column":5}},"line":10}},"branchMap":{},"s":{"0":1,"1":1,"2":1,"3":1,"4":1},"f":{"0":1,"1":1},"b":{},"_coverageSchema":"1a1c01bbd47fc00a2c39e90264f33305004495a9","hash":"3f1132197f121eeddf6e4f7e35495ffc9cc73b25"}
,"/home/dude/hacktive8/phase3/FINALPROJECT/development/final-project/models/user.js": {"path":"/home/dude/hacktive8/phase3/FINALPROJECT/development/final-project/models/user.js","statementMap":{"0":{"start":{"line":2,"column":18},"end":{"line":2,"column":38}},"1":{"start":{"line":3,"column":19},"end":{"line":3,"column":47}},"2":{"start":{"line":4,"column":0},"end":{"line":45,"column":2}},"3":{"start":{"line":13,"column":6},"end":{"line":13,"column":35}},"4":{"start":{"line":16,"column":2},"end":{"line":43,"column":4}},"5":{"start":{"line":39,"column":10},"end":{"line":39,"column":56}},"6":{"start":{"line":44,"column":2},"end":{"line":44,"column":14}}},"fnMap":{"0":{"name":"(anonymous_0)","decl":{"start":{"line":4,"column":17},"end":{"line":4,"column":18}},"loc":{"start":{"line":4,"column":43},"end":{"line":45,"column":1}},"line":4},"1":{"name":"(anonymous_1)","decl":{"start":{"line":11,"column":4},"end":{"line":11,"column":5}},"loc":{"start":{"line":11,"column":29},"end":{"line":14,"column":5}},"line":11},"2":{"name":"(anonymous_2)","decl":{"start":{"line":38,"column":8},"end":{"line":38,"column":9}},"loc":{"start":{"line":38,"column":31},"end":{"line":40,"column":9}},"line":38}},"branchMap":{},"s":{"0":1,"1":1,"2":1,"3":1,"4":1,"5":0,"6":1},"f":{"0":1,"1":1,"2":0},"b":{},"_coverageSchema":"1a1c01bbd47fc00a2c39e90264f33305004495a9","hash":"6dba00930e0dc0d3ba5c89d5e2ae439aa870cd95"}
,"/home/dude/hacktive8/phase3/FINALPROJECT/development/final-project/routes/appointment.js": {"path":"/home/dude/hacktive8/phase3/FINALPROJECT/development/final-project/routes/appointment.js","statementMap":{"0":{"start":{"line":1,"column":15},"end":{"line":1,"column":42}},"1":{"start":{"line":2,"column":19},"end":{"line":2,"column":66}},"2":{"start":{"line":4,"column":0},"end":{"line":4,"column":42}},"3":{"start":{"line":5,"column":0},"end":{"line":5,"column":44}},"4":{"start":{"line":6,"column":0},"end":{"line":6,"column":49}},"5":{"start":{"line":7,"column":0},"end":{"line":7,"column":74}},"6":{"start":{"line":9,"column":0},"end":{"line":9,"column":23}}},"fnMap":{},"branchMap":{},"s":{"0":1,"1":1,"2":1,"3":1,"4":1,"5":1,"6":1},"f":{},"b":{},"_coverageSchema":"1a1c01bbd47fc00a2c39e90264f33305004495a9","hash":"20c2526aa97f14482010c826af1f369ff4d18d23"}
,"/home/dude/hacktive8/phase3/FINALPROJECT/development/final-project/routes/customer.js": {"path":"/home/dude/hacktive8/phase3/FINALPROJECT/development/final-project/routes/customer.js","statementMap":{"0":{"start":{"line":1,"column":16},"end":{"line":1,"column":34}},"1":{"start":{"line":2,"column":15},"end":{"line":2,"column":31}},"2":{"start":{"line":3,"column":27},"end":{"line":3,"column":71}},"3":{"start":{"line":6,"column":0},"end":{"line":6,"column":47}},"4":{"start":{"line":7,"column":0},"end":{"line":7,"column":49}},"5":{"start":{"line":8,"column":0},"end":{"line":8,"column":52}},"6":{"start":{"line":9,"column":0},"end":{"line":9,"column":56}},"7":{"start":{"line":16,"column":0},"end":{"line":16,"column":23}}},"fnMap":{},"branchMap":{},"s":{"0":1,"1":1,"2":1,"3":1,"4":1,"5":1,"6":1,"7":1},"f":{},"b":{},"_coverageSchema":"1a1c01bbd47fc00a2c39e90264f33305004495a9","hash":"daa5dc37801d7a1049f9d03f17f66e71644bc9a2"}
,"/home/dude/hacktive8/phase3/FINALPROJECT/development/final-project/routes/index.js": {"path":"/home/dude/hacktive8/phase3/FINALPROJECT/development/final-project/routes/index.js","statementMap":{"0":{"start":{"line":1,"column":15},"end":{"line":1,"column":42}},"1":{"start":{"line":3,"column":26},"end":{"line":3,"column":50}},"2":{"start":{"line":4,"column":23},"end":{"line":4,"column":44}},"3":{"start":{"line":5,"column":23},"end":{"line":5,"column":44}},"4":{"start":{"line":6,"column":19},"end":{"line":6,"column":36}},"5":{"start":{"line":7,"column":22},"end":{"line":7,"column":42}},"6":{"start":{"line":9,"column":0},"end":{"line":9,"column":46}},"7":{"start":{"line":10,"column":0},"end":{"line":10,"column":40}},"8":{"start":{"line":11,"column":0},"end":{"line":11,"column":41}},"9":{"start":{"line":12,"column":0},"end":{"line":12,"column":32}},"10":{"start":{"line":13,"column":0},"end":{"line":13,"column":38}},"11":{"start":{"line":15,"column":0},"end":{"line":15,"column":24}}},"fnMap":{},"branchMap":{},"s":{"0":1,"1":1,"2":1,"3":1,"4":1,"5":1,"6":1,"7":1,"8":1,"9":1,"10":1,"11":1},"f":{},"b":{},"_coverageSchema":"1a1c01bbd47fc00a2c39e90264f33305004495a9","hash":"ffaf66525544f8da69b0e2ca9f21de990ed44d36"}
,"/home/dude/hacktive8/phase3/FINALPROJECT/development/final-project/routes/payment.js": {"path":"/home/dude/hacktive8/phase3/FINALPROJECT/development/final-project/routes/payment.js","statementMap":{"0":{"start":{"line":1,"column":44},"end":{"line":1,"column":84}},"1":{"start":{"line":2,"column":52},"end":{"line":2,"column":92}},"2":{"start":{"line":4,"column":15},"end":{"line":4,"column":42}},"3":{"start":{"line":6,"column":0},"end":{"line":6,"column":38}},"4":{"start":{"line":7,"column":0},"end":{"line":7,"column":43}},"5":{"start":{"line":8,"column":0},"end":{"line":8,"column":52}},"6":{"start":{"line":9,"column":0},"end":{"line":9,"column":54}},"7":{"start":{"line":11,"column":0},"end":{"line":11,"column":23}}},"fnMap":{},"branchMap":{},"s":{"0":1,"1":1,"2":1,"3":1,"4":1,"5":1,"6":1,"7":1},"f":{},"b":{},"_coverageSchema":"1a1c01bbd47fc00a2c39e90264f33305004495a9","hash":"e64200e39c647da7ab960f94dab09a42ac20360c"}
,"/home/dude/hacktive8/phase3/FINALPROJECT/development/final-project/routes/presence.js": {"path":"/home/dude/hacktive8/phase3/FINALPROJECT/development/final-project/routes/presence.js","statementMap":{"0":{"start":{"line":1,"column":15},"end":{"line":1,"column":42}},"1":{"start":{"line":2,"column":19},"end":{"line":2,"column":53}},"2":{"start":{"line":4,"column":0},"end":{"line":4,"column":39}},"3":{"start":{"line":5,"column":0},"end":{"line":5,"column":41}},"4":{"start":{"line":7,"column":0},"end":{"line":7,"column":23}}},"fnMap":{},"branchMap":{},"s":{"0":1,"1":1,"2":1,"3":1,"4":1},"f":{},"b":{},"_coverageSchema":"1a1c01bbd47fc00a2c39e90264f33305004495a9","hash":"b8921cf35c8f3d5373ae2d8459d86267be5f31cc"}
,"/home/dude/hacktive8/phase3/FINALPROJECT/development/final-project/routes/user.js": {"path":"/home/dude/hacktive8/phase3/FINALPROJECT/development/final-project/routes/user.js","statementMap":{"0":{"start":{"line":1,"column":16},"end":{"line":1,"column":34}},"1":{"start":{"line":2,"column":19},"end":{"line":2,"column":59}},"2":{"start":{"line":3,"column":23},"end":{"line":3,"column":63}},"3":{"start":{"line":4,"column":15},"end":{"line":4,"column":31}},"4":{"start":{"line":6,"column":0},"end":{"line":6,"column":46}},"5":{"start":{"line":7,"column":0},"end":{"line":7,"column":63}},"6":{"start":{"line":8,"column":0},"end":{"line":8,"column":69}},"7":{"start":{"line":9,"column":0},"end":{"line":9,"column":40}},"8":{"start":{"line":10,"column":0},"end":{"line":10,"column":67}},"9":{"start":{"line":12,"column":0},"end":{"line":12,"column":24}}},"fnMap":{},"branchMap":{},"s":{"0":1,"1":1,"2":1,"3":1,"4":1,"5":1,"6":1,"7":1,"8":1,"9":1},"f":{},"b":{},"_coverageSchema":"1a1c01bbd47fc00a2c39e90264f33305004495a9","hash":"ebbb16d3faac8a5aa923ac53e3632010511d0b27"}
}
