{"total": {"lines":{"total":271,"covered":168,"skipped":0,"pct":61.99},"statements":{"total":274,"covered":169,"skipped":0,"pct":61.68},"functions":{"total":49,"covered":24,"skipped":0,"pct":48.98},"branches":{"total":35,"covered":12,"skipped":0,"pct":34.29}}
,"/home/dude/hacktive8/phase3/FINALPROJECT/development/final-project/app.js": {"lines":{"total":12,"covered":12,"skipped":0,"pct":100},"functions":{"total":0,"covered":0,"skipped":0,"pct":100},"statements":{"total":12,"covered":12,"skipped":0,"pct":100},"branches":{"total":2,"covered":2,"skipped":0,"pct":100}}
,"/home/dude/hacktive8/phase3/FINALPROJECT/development/final-project/controllers/UserController.js": {"lines":{"total":10,"covered":2,"skipped":0,"pct":20},"functions":{"total":6,"covered":0,"skipped":0,"pct":0},"statements":{"total":10,"covered":2,"skipped":0,"pct":20},"branches":{"total":0,"covered":0,"skipped":0,"pct":100}}
,"/home/dude/hacktive8/phase3/FINALPROJECT/development/final-project/controllers/appointmentController.js": {"lines":{"total":38,"covered":17,"skipped":0,"pct":44.74},"functions":{"total":5,"covered":2,"skipped":0,"pct":40},"statements":{"total":38,"covered":17,"skipped":0,"pct":44.74},"branches":{"total":8,"covered":1,"skipped":0,"pct":12.5}}
,"/home/dude/hacktive8/phase3/FINALPROJECT/development/final-project/controllers/customerController.js": {"lines":{"total":22,"covered":13,"skipped":0,"pct":59.09},"functions":{"total":12,"covered":7,"skipped":0,"pct":58.33},"statements":{"total":22,"covered":13,"skipped":0,"pct":59.09},"branches":{"total":4,"covered":1,"skipped":0,"pct":25}}
,"/home/dude/hacktive8/phase3/FINALPROJECT/development/final-project/controllers/presence.js": {"lines":{"total":25,"covered":2,"skipped":0,"pct":8},"functions":{"total":4,"covered":0,"skipped":0,"pct":0},"statements":{"total":25,"covered":2,"skipped":0,"pct":8},"branches":{"total":4,"covered":0,"skipped":0,"pct":0}}
,"/home/dude/hacktive8/phase3/FINALPROJECT/development/final-project/controllers/payment/stripe.js": {"lines":{"total":17,"covered":2,"skipped":0,"pct":11.76},"functions":{"total":4,"covered":0,"skipped":0,"pct":0},"statements":{"total":19,"covered":2,"skipped":0,"pct":10.53},"branches":{"total":0,"covered":0,"skipped":0,"pct":100}}
,"/home/dude/hacktive8/phase3/FINALPROJECT/development/final-project/controllers/payment/xendit.js": {"lines":{"total":20,"covered":6,"skipped":0,"pct":30},"functions":{"total":2,"covered":0,"skipped":0,"pct":0},"statements":{"total":20,"covered":6,"skipped":0,"pct":30},"branches":{"total":0,"covered":0,"skipped":0,"pct":100}}
,"/home/dude/hacktive8/phase3/FINALPROJECT/development/final-project/firebase/index.js": {"lines":{"total":4,"covered":4,"skipped":0,"pct":100},"functions":{"total":0,"covered":0,"skipped":0,"pct":100},"statements":{"total":4,"covered":4,"skipped":0,"pct":100},"branches":{"total":0,"covered":0,"skipped":0,"pct":100}}
,"/home/dude/hacktive8/phase3/FINALPROJECT/development/final-project/helpers/stripe/index.js": {"lines":{"total":2,"covered":2,"skipped":0,"pct":100},"functions":{"total":0,"covered":0,"skipped":0,"pct":100},"statements":{"total":2,"covered":2,"skipped":0,"pct":100},"branches":{"total":0,"covered":0,"skipped":0,"pct":100}}
,"/home/dude/hacktive8/phase3/FINALPROJECT/development/final-project/helpers/xendit/index.js": {"lines":{"total":3,"covered":3,"skipped":0,"pct":100},"functions":{"total":0,"covered":0,"skipped":0,"pct":100},"statements":{"total":3,"covered":3,"skipped":0,"pct":100},"branches":{"total":0,"covered":0,"skipped":0,"pct":100}}
,"/home/dude/hacktive8/phase3/FINALPROJECT/development/final-project/middlewares/auth.js": {"lines":{"total":9,"covered":3,"skipped":0,"pct":33.33},"functions":{"total":1,"covered":0,"skipped":0,"pct":0},"statements":{"total":9,"covered":3,"skipped":0,"pct":33.33},"branches":{"total":0,"covered":0,"skipped":0,"pct":100}}
,"/home/dude/hacktive8/phase3/FINALPROJECT/development/final-project/middlewares/errorHandler.js": {"lines":{"total":12,"covered":6,"skipped":0,"pct":50},"functions":{"total":2,"covered":2,"skipped":0,"pct":100},"statements":{"total":13,"covered":7,"skipped":0,"pct":53.85},"branches":{"total":8,"covered":2,"skipped":0,"pct":25}}
,"/home/dude/hacktive8/phase3/FINALPROJECT/development/final-project/models/appointment.js": {"lines":{"total":6,"covered":6,"skipped":0,"pct":100},"functions":{"total":2,"covered":2,"skipped":0,"pct":100},"statements":{"total":6,"covered":6,"skipped":0,"pct":100},"branches":{"total":0,"covered":0,"skipped":0,"pct":100}}
,"/home/dude/hacktive8/phase3/FINALPROJECT/development/final-project/models/customer.js": {"lines":{"total":6,"covered":6,"skipped":0,"pct":100},"functions":{"total":2,"covered":2,"skipped":0,"pct":100},"statements":{"total":6,"covered":6,"skipped":0,"pct":100},"branches":{"total":0,"covered":0,"skipped":0,"pct":100}}
,"/home/dude/hacktive8/phase3/FINALPROJECT/development/final-project/models/index.js": {"lines":{"total":20,"covered":19,"skipped":0,"pct":95},"functions":{"total":3,"covered":3,"skipped":0,"pct":100},"statements":{"total":20,"covered":19,"skipped":0,"pct":95},"branches":{"total":9,"covered":6,"skipped":0,"pct":66.67}}
,"/home/dude/hacktive8/phase3/FINALPROJECT/development/final-project/models/presencelist.js": {"lines":{"total":5,"covered":5,"skipped":0,"pct":100},"functions":{"total":2,"covered":2,"skipped":0,"pct":100},"statements":{"total":5,"covered":5,"skipped":0,"pct":100},"branches":{"total":0,"covered":0,"skipped":0,"pct":100}}
,"/home/dude/hacktive8/phase3/FINALPROJECT/development/final-project/models/price.js": {"lines":{"total":5,"covered":5,"skipped":0,"pct":100},"functions":{"total":2,"covered":2,"skipped":0,"pct":100},"statements":{"total":5,"covered":5,"skipped":0,"pct":100},"branches":{"total":0,"covered":0,"skipped":0,"pct":100}}
,"/home/dude/hacktive8/phase3/FINALPROJECT/development/final-project/models/user.js": {"lines":{"total":5,"covered":5,"skipped":0,"pct":100},"functions":{"total":2,"covered":2,"skipped":0,"pct":100},"statements":{"total":5,"covered":5,"skipped":0,"pct":100},"branches":{"total":0,"covered":0,"skipped":0,"pct":100}}
,"/home/dude/hacktive8/phase3/FINALPROJECT/development/final-project/routes/appointment.js": {"lines":{"total":8,"covered":8,"skipped":0,"pct":100},"functions":{"total":0,"covered":0,"skipped":0,"pct":100},"statements":{"total":8,"covered":8,"skipped":0,"pct":100},"branches":{"total":0,"covered":0,"skipped":0,"pct":100}}
,"/home/dude/hacktive8/phase3/FINALPROJECT/development/final-project/routes/customer.js": {"lines":{"total":8,"covered":8,"skipped":0,"pct":100},"functions":{"total":0,"covered":0,"skipped":0,"pct":100},"statements":{"total":8,"covered":8,"skipped":0,"pct":100},"branches":{"total":0,"covered":0,"skipped":0,"pct":100}}
,"/home/dude/hacktive8/phase3/FINALPROJECT/development/final-project/routes/index.js": {"lines":{"total":12,"covered":12,"skipped":0,"pct":100},"functions":{"total":0,"covered":0,"skipped":0,"pct":100},"statements":{"total":12,"covered":12,"skipped":0,"pct":100},"branches":{"total":0,"covered":0,"skipped":0,"pct":100}}
,"/home/dude/hacktive8/phase3/FINALPROJECT/development/final-project/routes/payment.js": {"lines":{"total":8,"covered":8,"skipped":0,"pct":100},"functions":{"total":0,"covered":0,"skipped":0,"pct":100},"statements":{"total":8,"covered":8,"skipped":0,"pct":100},"branches":{"total":0,"covered":0,"skipped":0,"pct":100}}
,"/home/dude/hacktive8/phase3/FINALPROJECT/development/final-project/routes/presence.js": {"lines":{"total":7,"covered":7,"skipped":0,"pct":100},"functions":{"total":0,"covered":0,"skipped":0,"pct":100},"statements":{"total":7,"covered":7,"skipped":0,"pct":100},"branches":{"total":0,"covered":0,"skipped":0,"pct":100}}
,"/home/dude/hacktive8/phase3/FINALPROJECT/development/final-project/routes/userRoute.js": {"lines":{"total":7,"covered":7,"skipped":0,"pct":100},"functions":{"total":0,"covered":0,"skipped":0,"pct":100},"statements":{"total":7,"covered":7,"skipped":0,"pct":100},"branches":{"total":0,"covered":0,"skipped":0,"pct":100}}
}
