{"C:\\Users\\Zefan\\phase_3\\week_4\\final-project\\final-project\\app.js": {"path":"C:\\Users\\Zefan\\phase_3\\week_4\\final-project\\final-project\\app.js","statementMap":{"0":{"start":{"line":1,"column":0},"end":{"line":1,"column":27}},"1":{"start":{"line":2,"column":16},"end":{"line":2,"column":34}},"2":{"start":{"line":3,"column":12},"end":{"line":3,"column":21}},"3":{"start":{"line":4,"column":13},"end":{"line":4,"column":37}},"4":{"start":{"line":5,"column":15},"end":{"line":5,"column":34}},"5":{"start":{"line":6,"column":21},"end":{"line":6,"column":58}},"6":{"start":{"line":7,"column":13},"end":{"line":7,"column":28}},"7":{"start":{"line":9,"column":0},"end":{"line":9,"column":16}},"8":{"start":{"line":10,"column":0},"end":{"line":10,"column":48}},"9":{"start":{"line":11,"column":0},"end":{"line":11,"column":24}},"10":{"start":{"line":12,"column":0},"end":{"line":12,"column":16}},"11":{"start":{"line":13,"column":0},"end":{"line":13,"column":22}},"12":{"start":{"line":15,"column":0},"end":{"line":15,"column":21}}},"fnMap":{},"branchMap":{"0":{"loc":{"start":{"line":4,"column":13},"end":{"line":4,"column":37}},"type":"binary-expr","locations":[{"start":{"line":4,"column":13},"end":{"line":4,"column":29}},{"start":{"line":4,"column":33},"end":{"line":4,"column":37}}],"line":4}},"s":{"0":1,"1":1,"2":1,"3":1,"4":1,"5":1,"6":1,"7":1,"8":1,"9":1,"10":1,"11":1,"12":1},"f":{},"b":{"0":[1,1]},"_coverageSchema":"1a1c01bbd47fc00a2c39e90264f33305004495a9","hash":"8db60501c1f3c6c077c22a13960366a1d5542f6e"}
,"C:\\Users\\Zefan\\phase_3\\week_4\\final-project\\final-project\\controllers\\appointmentController.js": {"path":"C:\\Users\\Zefan\\phase_3\\week_4\\final-project\\final-project\\controllers\\appointmentController.js","statementMap":{"0":{"start":{"line":1,"column":41},"end":{"line":1,"column":61}},"1":{"start":{"line":5,"column":4},"end":{"line":23,"column":5}},"2":{"start":{"line":7,"column":6},"end":{"line":16,"column":7}},"3":{"start":{"line":8,"column":8},"end":{"line":11,"column":11}},"4":{"start":{"line":13,"column":8},"end":{"line":15,"column":11}},"5":{"start":{"line":17,"column":6},"end":{"line":17,"column":32}},"6":{"start":{"line":18,"column":6},"end":{"line":20,"column":68}},"7":{"start":{"line":22,"column":6},"end":{"line":22,"column":18}},"8":{"start":{"line":27,"column":4},"end":{"line":62,"column":5}},"9":{"start":{"line":28,"column":6},"end":{"line":28,"column":28}},"10":{"start":{"line":40,"column":10},"end":{"line":40,"column":18}},"11":{"start":{"line":41,"column":20},"end":{"line":43,"column":8}},"12":{"start":{"line":44,"column":20},"end":{"line":44,"column":42}},"13":{"start":{"line":45,"column":22},"end":{"line":45,"column":30}},"14":{"start":{"line":46,"column":27},"end":{"line":57,"column":8}},"15":{"start":{"line":58,"column":6},"end":{"line":58,"column":41}},"16":{"start":{"line":60,"column":6},"end":{"line":60,"column":25}},"17":{"start":{"line":61,"column":6},"end":{"line":61,"column":18}},"18":{"start":{"line":67,"column":4},"end":{"line":79,"column":5}},"19":{"start":{"line":68,"column":26},"end":{"line":71,"column":8}},"20":{"start":{"line":72,"column":6},"end":{"line":76,"column":7}},"21":{"start":{"line":73,"column":8},"end":{"line":73,"column":42}},"22":{"start":{"line":75,"column":8},"end":{"line":75,"column":53}},"23":{"start":{"line":78,"column":6},"end":{"line":78,"column":18}},"24":{"start":{"line":83,"column":4},"end":{"line":94,"column":5}},"25":{"start":{"line":84,"column":26},"end":{"line":86,"column":8}},"26":{"start":{"line":87,"column":6},"end":{"line":91,"column":7}},"27":{"start":{"line":88,"column":8},"end":{"line":88,"column":42}},"28":{"start":{"line":90,"column":8},"end":{"line":90,"column":53}},"29":{"start":{"line":93,"column":6},"end":{"line":93,"column":18}},"30":{"start":{"line":98,"column":23},"end":{"line":98,"column":31}},"31":{"start":{"line":99,"column":4},"end":{"line":116,"column":5}},"32":{"start":{"line":100,"column":24},"end":{"line":108,"column":7}},"33":{"start":{"line":109,"column":6},"end":{"line":113,"column":7}},"34":{"start":{"line":110,"column":8},"end":{"line":110,"column":42}},"35":{"start":{"line":112,"column":8},"end":{"line":112,"column":60}},"36":{"start":{"line":115,"column":6},"end":{"line":115,"column":18}},"37":{"start":{"line":120,"column":0},"end":{"line":120,"column":28}}},"fnMap":{"0":{"name":"(anonymous_0)","decl":{"start":{"line":4,"column":2},"end":{"line":4,"column":3}},"loc":{"start":{"line":4,"column":46},"end":{"line":24,"column":3}},"line":4},"1":{"name":"(anonymous_1)","decl":{"start":{"line":26,"column":2},"end":{"line":26,"column":3}},"loc":{"start":{"line":26,"column":47},"end":{"line":63,"column":3}},"line":26},"2":{"name":"(anonymous_2)","decl":{"start":{"line":66,"column":2},"end":{"line":66,"column":3}},"loc":{"start":{"line":66,"column":50},"end":{"line":80,"column":3}},"line":66},"3":{"name":"(anonymous_3)","decl":{"start":{"line":82,"column":2},"end":{"line":82,"column":3}},"loc":{"start":{"line":82,"column":58},"end":{"line":95,"column":3}},"line":82},"4":{"name":"(anonymous_4)","decl":{"start":{"line":97,"column":2},"end":{"line":97,"column":3}},"loc":{"start":{"line":97,"column":48},"end":{"line":117,"column":3}},"line":97}},"branchMap":{"0":{"loc":{"start":{"line":7,"column":6},"end":{"line":16,"column":7}},"type":"if","locations":[{"start":{"line":7,"column":6},"end":{"line":16,"column":7}},{"start":{"line":7,"column":6},"end":{"line":16,"column":7}}],"line":7},"1":{"loc":{"start":{"line":72,"column":6},"end":{"line":76,"column":7}},"type":"if","locations":[{"start":{"line":72,"column":6},"end":{"line":76,"column":7}},{"start":{"line":72,"column":6},"end":{"line":76,"column":7}}],"line":72},"2":{"loc":{"start":{"line":87,"column":6},"end":{"line":91,"column":7}},"type":"if","locations":[{"start":{"line":87,"column":6},"end":{"line":91,"column":7}},{"start":{"line":87,"column":6},"end":{"line":91,"column":7}}],"line":87},"3":{"loc":{"start":{"line":109,"column":6},"end":{"line":113,"column":7}},"type":"if","locations":[{"start":{"line":109,"column":6},"end":{"line":113,"column":7}},{"start":{"line":109,"column":6},"end":{"line":113,"column":7}}],"line":109}},"s":{"0":1,"1":0,"2":0,"3":0,"4":0,"5":0,"6":0,"7":0,"8":0,"9":0,"10":0,"11":0,"12":0,"13":0,"14":0,"15":0,"16":0,"17":0,"18":0,"19":0,"20":0,"21":0,"22":0,"23":0,"24":0,"25":0,"26":0,"27":0,"28":0,"29":0,"30":0,"31":0,"32":0,"33":0,"34":0,"35":0,"36":0,"37":1},"f":{"0":0,"1":0,"2":0,"3":0,"4":0},"b":{"0":[0,0],"1":[0,0],"2":[0,0],"3":[0,0]},"_coverageSchema":"1a1c01bbd47fc00a2c39e90264f33305004495a9","hash":"e5d0280362d40a6d0f14b2e23a8f703b23361878"}
,"C:\\Users\\Zefan\\phase_3\\week_4\\final-project\\final-project\\controllers\\customerController.js": {"path":"C:\\Users\\Zefan\\phase_3\\week_4\\final-project\\final-project\\controllers\\customerController.js","statementMap":{"0":{"start":{"line":1,"column":19},"end":{"line":1,"column":45}},"1":{"start":{"line":5,"column":8},"end":{"line":11,"column":10}},"2":{"start":{"line":7,"column":12},"end":{"line":7,"column":45}},"3":{"start":{"line":10,"column":12},"end":{"line":10,"column":21}},"4":{"start":{"line":15,"column":27},"end":{"line":20,"column":9}},"5":{"start":{"line":21,"column":8},"end":{"line":27,"column":10}},"6":{"start":{"line":23,"column":12},"end":{"line":23,"column":44}},"7":{"start":{"line":25,"column":12},"end":{"line":25,"column":29}},"8":{"start":{"line":26,"column":12},"end":{"line":26,"column":21}},"9":{"start":{"line":31,"column":17},"end":{"line":31,"column":30}},"10":{"start":{"line":32,"column":8},"end":{"line":42,"column":10}},"11":{"start":{"line":34,"column":12},"end":{"line":38,"column":13}},"12":{"start":{"line":35,"column":16},"end":{"line":35,"column":59}},"13":{"start":{"line":37,"column":16},"end":{"line":37,"column":48}},"14":{"start":{"line":41,"column":12},"end":{"line":41,"column":21}},"15":{"start":{"line":46,"column":17},"end":{"line":46,"column":30}},"16":{"start":{"line":47,"column":8},"end":{"line":57,"column":10}},"17":{"start":{"line":49,"column":12},"end":{"line":53,"column":13}},"18":{"start":{"line":50,"column":16},"end":{"line":50,"column":59}},"19":{"start":{"line":52,"column":16},"end":{"line":52,"column":66}},"20":{"start":{"line":56,"column":12},"end":{"line":56,"column":21}},"21":{"start":{"line":63,"column":0},"end":{"line":63,"column":35}}},"fnMap":{"0":{"name":"(anonymous_0)","decl":{"start":{"line":4,"column":4},"end":{"line":4,"column":5}},"loc":{"start":{"line":4,"column":36},"end":{"line":12,"column":5}},"line":4},"1":{"name":"(anonymous_1)","decl":{"start":{"line":6,"column":14},"end":{"line":6,"column":15}},"loc":{"start":{"line":6,"column":25},"end":{"line":8,"column":9}},"line":6},"2":{"name":"(anonymous_2)","decl":{"start":{"line":9,"column":15},"end":{"line":9,"column":16}},"loc":{"start":{"line":9,"column":20},"end":{"line":11,"column":9}},"line":9},"3":{"name":"(anonymous_3)","decl":{"start":{"line":14,"column":4},"end":{"line":14,"column":5}},"loc":{"start":{"line":14,"column":37},"end":{"line":28,"column":5}},"line":14},"4":{"name":"(anonymous_4)","decl":{"start":{"line":22,"column":14},"end":{"line":22,"column":15}},"loc":{"start":{"line":22,"column":24},"end":{"line":24,"column":9}},"line":22},"5":{"name":"(anonymous_5)","decl":{"start":{"line":24,"column":17},"end":{"line":24,"column":18}},"loc":{"start":{"line":24,"column":22},"end":{"line":27,"column":9}},"line":24},"6":{"name":"(anonymous_6)","decl":{"start":{"line":30,"column":4},"end":{"line":30,"column":5}},"loc":{"start":{"line":30,"column":40},"end":{"line":43,"column":5}},"line":30},"7":{"name":"(anonymous_7)","decl":{"start":{"line":33,"column":14},"end":{"line":33,"column":15}},"loc":{"start":{"line":33,"column":24},"end":{"line":39,"column":9}},"line":33},"8":{"name":"(anonymous_8)","decl":{"start":{"line":40,"column":15},"end":{"line":40,"column":16}},"loc":{"start":{"line":40,"column":20},"end":{"line":42,"column":9}},"line":40},"9":{"name":"(anonymous_9)","decl":{"start":{"line":45,"column":4},"end":{"line":45,"column":5}},"loc":{"start":{"line":45,"column":39},"end":{"line":58,"column":5}},"line":45},"10":{"name":"(anonymous_10)","decl":{"start":{"line":48,"column":14},"end":{"line":48,"column":15}},"loc":{"start":{"line":48,"column":24},"end":{"line":54,"column":9}},"line":48},"11":{"name":"(anonymous_11)","decl":{"start":{"line":55,"column":15},"end":{"line":55,"column":16}},"loc":{"start":{"line":55,"column":20},"end":{"line":57,"column":9}},"line":55}},"branchMap":{"0":{"loc":{"start":{"line":34,"column":12},"end":{"line":38,"column":13}},"type":"if","locations":[{"start":{"line":34,"column":12},"end":{"line":38,"column":13}},{"start":{"line":34,"column":12},"end":{"line":38,"column":13}}],"line":34},"1":{"loc":{"start":{"line":49,"column":12},"end":{"line":53,"column":13}},"type":"if","locations":[{"start":{"line":49,"column":12},"end":{"line":53,"column":13}},{"start":{"line":49,"column":12},"end":{"line":53,"column":13}}],"line":49}},"s":{"0":1,"1":0,"2":0,"3":0,"4":0,"5":0,"6":0,"7":0,"8":0,"9":0,"10":0,"11":0,"12":0,"13":0,"14":0,"15":0,"16":0,"17":0,"18":0,"19":0,"20":0,"21":1},"f":{"0":0,"1":0,"2":0,"3":0,"4":0,"5":0,"6":0,"7":0,"8":0,"9":0,"10":0,"11":0},"b":{"0":[0,0],"1":[0,0]},"_coverageSchema":"1a1c01bbd47fc00a2c39e90264f33305004495a9","hash":"90e9a340a3d31198afb17d72c497f73aaed5a486"}
,"C:\\Users\\Zefan\\phase_3\\week_4\\final-project\\final-project\\controllers\\keywordController.js": {"path":"C:\\Users\\Zefan\\phase_3\\week_4\\final-project\\final-project\\controllers\\keywordController.js","statementMap":{"0":{"start":{"line":1,"column":48},"end":{"line":1,"column":68}},"1":{"start":{"line":2,"column":15},"end":{"line":2,"column":35}},"2":{"start":{"line":6,"column":4},"end":{"line":49,"column":5}},"3":{"start":{"line":7,"column":25},"end":{"line":7,"column":45}},"4":{"start":{"line":8,"column":22},"end":{"line":8,"column":39}},"5":{"start":{"line":10,"column":6},"end":{"line":44,"column":7}},"6":{"start":{"line":11,"column":8},"end":{"line":20,"column":11}},"7":{"start":{"line":21,"column":13},"end":{"line":44,"column":7}},"8":{"start":{"line":22,"column":8},"end":{"line":32,"column":11}},"9":{"start":{"line":33,"column":13},"end":{"line":44,"column":7}},"10":{"start":{"line":34,"column":8},"end":{"line":43,"column":11}},"11":{"start":{"line":45,"column":6},"end":{"line":45,"column":39}},"12":{"start":{"line":47,"column":6},"end":{"line":47,"column":23}},"13":{"start":{"line":48,"column":6},"end":{"line":48,"column":16}},"14":{"start":{"line":53,"column":0},"end":{"line":53,"column":28}}},"fnMap":{"0":{"name":"(anonymous_0)","decl":{"start":{"line":5,"column":2},"end":{"line":5,"column":3}},"loc":{"start":{"line":5,"column":47},"end":{"line":50,"column":3}},"line":5}},"branchMap":{"0":{"loc":{"start":{"line":10,"column":6},"end":{"line":44,"column":7}},"type":"if","locations":[{"start":{"line":10,"column":6},"end":{"line":44,"column":7}},{"start":{"line":10,"column":6},"end":{"line":44,"column":7}}],"line":10},"1":{"loc":{"start":{"line":21,"column":13},"end":{"line":44,"column":7}},"type":"if","locations":[{"start":{"line":21,"column":13},"end":{"line":44,"column":7}},{"start":{"line":21,"column":13},"end":{"line":44,"column":7}}],"line":21},"2":{"loc":{"start":{"line":33,"column":13},"end":{"line":44,"column":7}},"type":"if","locations":[{"start":{"line":33,"column":13},"end":{"line":44,"column":7}},{"start":{"line":33,"column":13},"end":{"line":44,"column":7}}],"line":33}},"s":{"0":1,"1":1,"2":0,"3":0,"4":0,"5":0,"6":0,"7":0,"8":0,"9":0,"10":0,"11":0,"12":0,"13":0,"14":1},"f":{"0":0},"b":{"0":[0,0],"1":[0,0],"2":[0,0]},"_coverageSchema":"1a1c01bbd47fc00a2c39e90264f33305004495a9","hash":"108f4c43048331ba7a4b9d48d920c8b4664d5e60"}
,"C:\\Users\\Zefan\\phase_3\\week_4\\final-project\\final-project\\controllers\\presence.js": {"path":"C:\\Users\\Zefan\\phase_3\\week_4\\final-project\\final-project\\controllers\\presence.js","statementMap":{"0":{"start":{"line":1,"column":38},"end":{"line":1,"column":58}},"1":{"start":{"line":5,"column":8},"end":{"line":13,"column":9}},"2":{"start":{"line":6,"column":78},"end":{"line":6,"column":86}},"3":{"start":{"line":7,"column":33},"end":{"line":7,"column":43}},"4":{"start":{"line":8,"column":33},"end":{"line":8,"column":130}},"5":{"start":{"line":9,"column":12},"end":{"line":9,"column":46}},"6":{"start":{"line":11,"column":12},"end":{"line":11,"column":31}},"7":{"start":{"line":12,"column":12},"end":{"line":12,"column":23}},"8":{"start":{"line":17,"column":8},"end":{"line":22,"column":9}},"9":{"start":{"line":18,"column":33},"end":{"line":18,"column":92}},"10":{"start":{"line":19,"column":12},"end":{"line":19,"column":46}},"11":{"start":{"line":21,"column":12},"end":{"line":21,"column":23}},"12":{"start":{"line":26,"column":8},"end":{"line":35,"column":9}},"13":{"start":{"line":27,"column":33},"end":{"line":27,"column":121}},"14":{"start":{"line":28,"column":12},"end":{"line":32,"column":13}},"15":{"start":{"line":29,"column":16},"end":{"line":29,"column":50}},"16":{"start":{"line":31,"column":16},"end":{"line":31,"column":58}},"17":{"start":{"line":34,"column":12},"end":{"line":34,"column":23}},"18":{"start":{"line":39,"column":8},"end":{"line":48,"column":9}},"19":{"start":{"line":40,"column":33},"end":{"line":40,"column":133}},"20":{"start":{"line":41,"column":12},"end":{"line":45,"column":13}},"21":{"start":{"line":42,"column":16},"end":{"line":42,"column":50}},"22":{"start":{"line":44,"column":16},"end":{"line":44,"column":58}},"23":{"start":{"line":47,"column":12},"end":{"line":47,"column":23}},"24":{"start":{"line":52,"column":0},"end":{"line":52,"column":27}}},"fnMap":{"0":{"name":"(anonymous_0)","decl":{"start":{"line":4,"column":4},"end":{"line":4,"column":5}},"loc":{"start":{"line":4,"column":46},"end":{"line":14,"column":5}},"line":4},"1":{"name":"(anonymous_1)","decl":{"start":{"line":16,"column":4},"end":{"line":16,"column":5}},"loc":{"start":{"line":16,"column":45},"end":{"line":23,"column":5}},"line":16},"2":{"name":"(anonymous_2)","decl":{"start":{"line":25,"column":4},"end":{"line":25,"column":5}},"loc":{"start":{"line":25,"column":35},"end":{"line":36,"column":5}},"line":25},"3":{"name":"(anonymous_3)","decl":{"start":{"line":38,"column":4},"end":{"line":38,"column":5}},"loc":{"start":{"line":38,"column":43},"end":{"line":49,"column":5}},"line":38}},"branchMap":{"0":{"loc":{"start":{"line":28,"column":12},"end":{"line":32,"column":13}},"type":"if","locations":[{"start":{"line":28,"column":12},"end":{"line":32,"column":13}},{"start":{"line":28,"column":12},"end":{"line":32,"column":13}}],"line":28},"1":{"loc":{"start":{"line":41,"column":12},"end":{"line":45,"column":13}},"type":"if","locations":[{"start":{"line":41,"column":12},"end":{"line":45,"column":13}},{"start":{"line":41,"column":12},"end":{"line":45,"column":13}}],"line":41}},"s":{"0":1,"1":0,"2":0,"3":0,"4":0,"5":0,"6":0,"7":0,"8":0,"9":0,"10":0,"11":0,"12":0,"13":0,"14":0,"15":0,"16":0,"17":0,"18":0,"19":0,"20":0,"21":0,"22":0,"23":0,"24":1},"f":{"0":0,"1":0,"2":0,"3":0},"b":{"0":[0,0],"1":[0,0]},"_coverageSchema":"1a1c01bbd47fc00a2c39e90264f33305004495a9","hash":"cd0a3fbf2da89e63e03302bdb5ffe1462b34da61"}
,"C:\\Users\\Zefan\\phase_3\\week_4\\final-project\\final-project\\controllers\\userController.js": {"path":"C:\\Users\\Zefan\\phase_3\\week_4\\final-project\\final-project\\controllers\\userController.js","statementMap":{"0":{"start":{"line":1,"column":19},"end":{"line":1,"column":47}},"1":{"start":{"line":2,"column":27},"end":{"line":2,"column":47}},"2":{"start":{"line":3,"column":17},"end":{"line":3,"column":42}},"3":{"start":{"line":7,"column":42},"end":{"line":7,"column":50}},"4":{"start":{"line":8,"column":24},"end":{"line":12,"column":5}},"5":{"start":{"line":14,"column":4},"end":{"line":49,"column":9}},"6":{"start":{"line":22,"column":8},"end":{"line":26,"column":11}},"7":{"start":{"line":29,"column":8},"end":{"line":37,"column":11}},"8":{"start":{"line":40,"column":29},"end":{"line":43,"column":10}},"9":{"start":{"line":44,"column":8},"end":{"line":44,"column":53}},"10":{"start":{"line":47,"column":8},"end":{"line":47,"column":25}},"11":{"start":{"line":48,"column":8},"end":{"line":48,"column":18}},"12":{"start":{"line":53,"column":41},"end":{"line":53,"column":49}},"13":{"start":{"line":55,"column":4},"end":{"line":86,"column":9}},"14":{"start":{"line":61,"column":8},"end":{"line":81,"column":9}},"15":{"start":{"line":62,"column":26},"end":{"line":62,"column":57}},"16":{"start":{"line":63,"column":10},"end":{"line":78,"column":11}},"17":{"start":{"line":64,"column":33},"end":{"line":67,"column":14}},"18":{"start":{"line":68,"column":12},"end":{"line":75,"column":15}},"19":{"start":{"line":77,"column":12},"end":{"line":77,"column":69}},"20":{"start":{"line":80,"column":10},"end":{"line":80,"column":67}},"21":{"start":{"line":84,"column":8},"end":{"line":84,"column":25}},"22":{"start":{"line":85,"column":8},"end":{"line":85,"column":18}},"23":{"start":{"line":90,"column":25},"end":{"line":90,"column":33}},"24":{"start":{"line":91,"column":4},"end":{"line":101,"column":9}},"25":{"start":{"line":97,"column":8},"end":{"line":97,"column":39}},"26":{"start":{"line":100,"column":8},"end":{"line":100,"column":18}},"27":{"start":{"line":105,"column":22},"end":{"line":105,"column":30}},"28":{"start":{"line":106,"column":4},"end":{"line":117,"column":9}},"29":{"start":{"line":112,"column":8},"end":{"line":112,"column":39}},"30":{"start":{"line":115,"column":8},"end":{"line":115,"column":25}},"31":{"start":{"line":116,"column":8},"end":{"line":116,"column":18}},"32":{"start":{"line":121,"column":25},"end":{"line":121,"column":33}},"33":{"start":{"line":122,"column":4},"end":{"line":132,"column":9}},"34":{"start":{"line":128,"column":8},"end":{"line":128,"column":39}},"35":{"start":{"line":131,"column":8},"end":{"line":131,"column":18}},"36":{"start":{"line":136,"column":0},"end":{"line":136,"column":32}}},"fnMap":{"0":{"name":"(anonymous_0)","decl":{"start":{"line":6,"column":2},"end":{"line":6,"column":3}},"loc":{"start":{"line":6,"column":34},"end":{"line":50,"column":3}},"line":6},"1":{"name":"(anonymous_1)","decl":{"start":{"line":21,"column":12},"end":{"line":21,"column":13}},"loc":{"start":{"line":21,"column":22},"end":{"line":27,"column":7}},"line":21},"2":{"name":"(anonymous_2)","decl":{"start":{"line":28,"column":12},"end":{"line":28,"column":13}},"loc":{"start":{"line":28,"column":26},"end":{"line":38,"column":7}},"line":28},"3":{"name":"(anonymous_3)","decl":{"start":{"line":39,"column":12},"end":{"line":39,"column":13}},"loc":{"start":{"line":39,"column":22},"end":{"line":45,"column":7}},"line":39},"4":{"name":"(anonymous_4)","decl":{"start":{"line":46,"column":13},"end":{"line":46,"column":14}},"loc":{"start":{"line":46,"column":22},"end":{"line":49,"column":7}},"line":46},"5":{"name":"(anonymous_5)","decl":{"start":{"line":52,"column":2},"end":{"line":52,"column":3}},"loc":{"start":{"line":52,"column":31},"end":{"line":87,"column":3}},"line":52},"6":{"name":"(anonymous_6)","decl":{"start":{"line":60,"column":12},"end":{"line":60,"column":13}},"loc":{"start":{"line":60,"column":22},"end":{"line":82,"column":7}},"line":60},"7":{"name":"(anonymous_7)","decl":{"start":{"line":83,"column":13},"end":{"line":83,"column":14}},"loc":{"start":{"line":83,"column":22},"end":{"line":86,"column":7}},"line":83},"8":{"name":"(anonymous_8)","decl":{"start":{"line":89,"column":2},"end":{"line":89,"column":3}},"loc":{"start":{"line":89,"column":40},"end":{"line":102,"column":3}},"line":89},"9":{"name":"(anonymous_9)","decl":{"start":{"line":96,"column":12},"end":{"line":96,"column":13}},"loc":{"start":{"line":96,"column":22},"end":{"line":98,"column":7}},"line":96},"10":{"name":"(anonymous_10)","decl":{"start":{"line":99,"column":13},"end":{"line":99,"column":14}},"loc":{"start":{"line":99,"column":22},"end":{"line":101,"column":7}},"line":99},"11":{"name":"(anonymous_11)","decl":{"start":{"line":104,"column":2},"end":{"line":104,"column":3}},"loc":{"start":{"line":104,"column":44},"end":{"line":118,"column":3}},"line":104},"12":{"name":"(anonymous_12)","decl":{"start":{"line":111,"column":12},"end":{"line":111,"column":13}},"loc":{"start":{"line":111,"column":22},"end":{"line":113,"column":7}},"line":111},"13":{"name":"(anonymous_13)","decl":{"start":{"line":114,"column":13},"end":{"line":114,"column":14}},"loc":{"start":{"line":114,"column":22},"end":{"line":117,"column":7}},"line":114},"14":{"name":"(anonymous_14)","decl":{"start":{"line":120,"column":2},"end":{"line":120,"column":3}},"loc":{"start":{"line":120,"column":47},"end":{"line":133,"column":3}},"line":120},"15":{"name":"(anonymous_15)","decl":{"start":{"line":127,"column":12},"end":{"line":127,"column":13}},"loc":{"start":{"line":127,"column":22},"end":{"line":129,"column":7}},"line":127},"16":{"name":"(anonymous_16)","decl":{"start":{"line":130,"column":13},"end":{"line":130,"column":14}},"loc":{"start":{"line":130,"column":22},"end":{"line":132,"column":7}},"line":130}},"branchMap":{"0":{"loc":{"start":{"line":61,"column":8},"end":{"line":81,"column":9}},"type":"if","locations":[{"start":{"line":61,"column":8},"end":{"line":81,"column":9}},{"start":{"line":61,"column":8},"end":{"line":81,"column":9}}],"line":61},"1":{"loc":{"start":{"line":63,"column":10},"end":{"line":78,"column":11}},"type":"if","locations":[{"start":{"line":63,"column":10},"end":{"line":78,"column":11}},{"start":{"line":63,"column":10},"end":{"line":78,"column":11}}],"line":63}},"s":{"0":1,"1":1,"2":1,"3":1,"4":1,"5":1,"6":1,"7":1,"8":1,"9":1,"10":0,"11":0,"12":3,"13":3,"14":3,"15":2,"16":1,"17":0,"18":0,"19":1,"20":1,"21":3,"22":3,"23":0,"24":0,"25":0,"26":0,"27":2,"28":2,"29":2,"30":0,"31":0,"32":2,"33":2,"34":2,"35":0,"36":1},"f":{"0":1,"1":1,"2":1,"3":1,"4":0,"5":3,"6":3,"7":3,"8":0,"9":0,"10":0,"11":2,"12":2,"13":0,"14":2,"15":2,"16":0},"b":{"0":[2,1],"1":[0,1]},"_coverageSchema":"1a1c01bbd47fc00a2c39e90264f33305004495a9","hash":"2523140321fd2817dd8d668f920f2c04429bf1db"}
,"C:\\Users\\Zefan\\phase_3\\week_4\\final-project\\final-project\\controllers\\payment\\stripe.js": {"path":"C:\\Users\\Zefan\\phase_3\\week_4\\final-project\\final-project\\controllers\\payment\\stripe.js","statementMap":{"0":{"start":{"line":1,"column":15},"end":{"line":1,"column":46}},"1":{"start":{"line":3,"column":0},"end":{"line":38,"column":1}},"2":{"start":{"line":5,"column":74},"end":{"line":5,"column":82}},"3":{"start":{"line":6,"column":4},"end":{"line":26,"column":5}},"4":{"start":{"line":7,"column":23},"end":{"line":7,"column":51}},"5":{"start":{"line":8,"column":21},"end":{"line":8,"column":47}},"6":{"start":{"line":9,"column":30},"end":{"line":9,"column":112}},"7":{"start":{"line":9,"column":60},"end":{"line":9,"column":111}},"8":{"start":{"line":10,"column":6},"end":{"line":10,"column":77}},"9":{"start":{"line":11,"column":28},"end":{"line":11,"column":91}},"10":{"start":{"line":11,"column":54},"end":{"line":11,"column":90}},"11":{"start":{"line":12,"column":28},"end":{"line":21,"column":7}},"12":{"start":{"line":22,"column":22},"end":{"line":22,"column":74}},"13":{"start":{"line":23,"column":6},"end":{"line":23,"column":35}},"14":{"start":{"line":25,"column":6},"end":{"line":25,"column":17}},"15":{"start":{"line":30,"column":22},"end":{"line":30,"column":35}},"16":{"start":{"line":31,"column":4},"end":{"line":36,"column":5}},"17":{"start":{"line":32,"column":27},"end":{"line":32,"column":82}},"18":{"start":{"line":33,"column":6},"end":{"line":33,"column":48}},"19":{"start":{"line":35,"column":6},"end":{"line":35,"column":17}}},"fnMap":{"0":{"name":"(anonymous_0)","decl":{"start":{"line":4,"column":2},"end":{"line":4,"column":3}},"loc":{"start":{"line":4,"column":46},"end":{"line":27,"column":3}},"line":4},"1":{"name":"(anonymous_1)","decl":{"start":{"line":9,"column":49},"end":{"line":9,"column":50}},"loc":{"start":{"line":9,"column":60},"end":{"line":9,"column":111}},"line":9},"2":{"name":"(anonymous_2)","decl":{"start":{"line":11,"column":45},"end":{"line":11,"column":46}},"loc":{"start":{"line":11,"column":54},"end":{"line":11,"column":90}},"line":11},"3":{"name":"(anonymous_3)","decl":{"start":{"line":29,"column":2},"end":{"line":29,"column":3}},"loc":{"start":{"line":29,"column":47},"end":{"line":37,"column":3}},"line":29}},"branchMap":{"0":{"loc":{"start":{"line":10,"column":6},"end":{"line":10,"column":77}},"type":"binary-expr","locations":[{"start":{"line":10,"column":6},"end":{"line":10,"column":22}},{"start":{"line":10,"column":26},"end":{"line":10,"column":77}}],"line":10}},"s":{"0":1,"1":1,"2":0,"3":0,"4":0,"5":0,"6":0,"7":0,"8":0,"9":0,"10":0,"11":0,"12":0,"13":0,"14":0,"15":0,"16":0,"17":0,"18":0,"19":0},"f":{"0":0,"1":0,"2":0,"3":0},"b":{"0":[0,0]},"_coverageSchema":"1a1c01bbd47fc00a2c39e90264f33305004495a9","hash":"9ad7cdde68390d727c9445a5ea315604f08aac06"}
,"C:\\Users\\Zefan\\phase_3\\week_4\\final-project\\final-project\\controllers\\payment\\xendit.js": {"path":"C:\\Users\\Zefan\\phase_3\\week_4\\final-project\\final-project\\controllers\\payment\\xendit.js","statementMap":{"0":{"start":{"line":1,"column":23},"end":{"line":1,"column":54}},"1":{"start":{"line":2,"column":14},"end":{"line":2,"column":30}},"2":{"start":{"line":3,"column":32},"end":{"line":3,"column":46}},"3":{"start":{"line":4,"column":26},"end":{"line":4,"column":28}},"4":{"start":{"line":5,"column":11},"end":{"line":5,"column":44}},"5":{"start":{"line":7,"column":31},"end":{"line":7,"column":33}},"6":{"start":{"line":8,"column":12},"end":{"line":8,"column":47}},"7":{"start":{"line":10,"column":0},"end":{"line":51,"column":1}},"8":{"start":{"line":13,"column":17},"end":{"line":13,"column":78}},"9":{"start":{"line":14,"column":60},"end":{"line":14,"column":68}},"10":{"start":{"line":15,"column":18},"end":{"line":15,"column":107}},"11":{"start":{"line":16,"column":4},"end":{"line":21,"column":5}},"12":{"start":{"line":17,"column":29},"end":{"line":17,"column":58}},"13":{"start":{"line":18,"column":6},"end":{"line":18,"column":42}},"14":{"start":{"line":20,"column":6},"end":{"line":20,"column":17}},"15":{"start":{"line":25,"column":35},"end":{"line":25,"column":43}},"16":{"start":{"line":26,"column":19},"end":{"line":26,"column":132}},"17":{"start":{"line":27,"column":26},"end":{"line":27,"column":43}},"18":{"start":{"line":28,"column":4},"end":{"line":38,"column":5}},"19":{"start":{"line":29,"column":23},"end":{"line":34,"column":8}},"20":{"start":{"line":35,"column":6},"end":{"line":35,"column":41}},"21":{"start":{"line":37,"column":6},"end":{"line":37,"column":17}},"22":{"start":{"line":42,"column":60},"end":{"line":42,"column":68}},"23":{"start":{"line":43,"column":18},"end":{"line":43,"column":65}},"24":{"start":{"line":44,"column":4},"end":{"line":49,"column":5}},"25":{"start":{"line":45,"column":23},"end":{"line":45,"column":55}},"26":{"start":{"line":46,"column":6},"end":{"line":46,"column":36}},"27":{"start":{"line":48,"column":6},"end":{"line":48,"column":17}}},"fnMap":{"0":{"name":"(anonymous_0)","decl":{"start":{"line":12,"column":2},"end":{"line":12,"column":3}},"loc":{"start":{"line":12,"column":52},"end":{"line":22,"column":3}},"line":12},"1":{"name":"(anonymous_1)","decl":{"start":{"line":24,"column":2},"end":{"line":24,"column":3}},"loc":{"start":{"line":24,"column":49},"end":{"line":39,"column":3}},"line":24},"2":{"name":"(anonymous_2)","decl":{"start":{"line":41,"column":2},"end":{"line":41,"column":3}},"loc":{"start":{"line":41,"column":45},"end":{"line":50,"column":3}},"line":41}},"branchMap":{},"s":{"0":1,"1":1,"2":1,"3":1,"4":1,"5":1,"6":1,"7":1,"8":0,"9":0,"10":0,"11":0,"12":0,"13":0,"14":0,"15":0,"16":0,"17":0,"18":0,"19":0,"20":0,"21":0,"22":0,"23":0,"24":0,"25":0,"26":0,"27":0},"f":{"0":0,"1":0,"2":0},"b":{},"_coverageSchema":"1a1c01bbd47fc00a2c39e90264f33305004495a9","hash":"6ee858420646ea33a5deb615f2dc6a59d8dac5a3"}
,"C:\\Users\\Zefan\\phase_3\\week_4\\final-project\\final-project\\helpers\\bcrypt.js": {"path":"C:\\Users\\Zefan\\phase_3\\week_4\\final-project\\final-project\\helpers\\bcrypt.js","statementMap":{"0":{"start":{"line":1,"column":15},"end":{"line":1,"column":34}},"1":{"start":{"line":3,"column":15},"end":{"line":6,"column":1}},"2":{"start":{"line":4,"column":15},"end":{"line":4,"column":36}},"3":{"start":{"line":5,"column":2},"end":{"line":5,"column":41}},"4":{"start":{"line":8,"column":15},"end":{"line":10,"column":1}},"5":{"start":{"line":9,"column":2},"end":{"line":9,"column":46}},"6":{"start":{"line":12,"column":0},"end":{"line":15,"column":2}}},"fnMap":{"0":{"name":"(anonymous_0)","decl":{"start":{"line":3,"column":15},"end":{"line":3,"column":16}},"loc":{"start":{"line":3,"column":29},"end":{"line":6,"column":1}},"line":3},"1":{"name":"(anonymous_1)","decl":{"start":{"line":8,"column":15},"end":{"line":8,"column":16}},"loc":{"start":{"line":8,"column":37},"end":{"line":10,"column":1}},"line":8}},"branchMap":{},"s":{"0":1,"1":1,"2":2,"3":2,"4":1,"5":2,"6":1},"f":{"0":2,"1":2},"b":{},"_coverageSchema":"1a1c01bbd47fc00a2c39e90264f33305004495a9","hash":"9997b1c2f26fe37262a3c9f3a7506da088ca92d3"}
,"C:\\Users\\Zefan\\phase_3\\week_4\\final-project\\final-project\\helpers\\jwt.js": {"path":"C:\\Users\\Zefan\\phase_3\\week_4\\final-project\\final-project\\helpers\\jwt.js","statementMap":{"0":{"start":{"line":1,"column":12},"end":{"line":1,"column":35}},"1":{"start":{"line":2,"column":20},"end":{"line":2,"column":43}},"2":{"start":{"line":4,"column":13},"end":{"line":6,"column":1}},"3":{"start":{"line":5,"column":2},"end":{"line":5,"column":36}},"4":{"start":{"line":8,"column":15},"end":{"line":10,"column":1}},"5":{"start":{"line":9,"column":2},"end":{"line":9,"column":40}},"6":{"start":{"line":12,"column":0},"end":{"line":15,"column":2}}},"fnMap":{"0":{"name":"(anonymous_0)","decl":{"start":{"line":4,"column":13},"end":{"line":4,"column":14}},"loc":{"start":{"line":4,"column":22},"end":{"line":6,"column":1}},"line":4},"1":{"name":"(anonymous_1)","decl":{"start":{"line":8,"column":15},"end":{"line":8,"column":16}},"loc":{"start":{"line":8,"column":26},"end":{"line":10,"column":1}},"line":8}},"branchMap":{},"s":{"0":1,"1":1,"2":1,"3":1,"4":1,"5":0,"6":1},"f":{"0":1,"1":0},"b":{},"_coverageSchema":"1a1c01bbd47fc00a2c39e90264f33305004495a9","hash":"cf20b3e239c8b6060d259642543bdf7ac540708b"}
,"C:\\Users\\Zefan\\phase_3\\week_4\\final-project\\final-project\\helpers\\stripe.js": {"path":"C:\\Users\\Zefan\\phase_3\\week_4\\final-project\\final-project\\helpers\\stripe.js","statementMap":{"0":{"start":{"line":1,"column":15},"end":{"line":1,"column":143}},"1":{"start":{"line":3,"column":0},"end":{"line":3,"column":23}}},"fnMap":{},"branchMap":{},"s":{"0":1,"1":1},"f":{},"b":{},"_coverageSchema":"1a1c01bbd47fc00a2c39e90264f33305004495a9","hash":"a90625508763f9cd7b736ca7a826cc459e8b67b4"}
,"C:\\Users\\Zefan\\phase_3\\week_4\\final-project\\final-project\\helpers\\xendit.js": {"path":"C:\\Users\\Zefan\\phase_3\\week_4\\final-project\\final-project\\helpers\\xendit.js","statementMap":{"0":{"start":{"line":1,"column":15},"end":{"line":1,"column":37}},"1":{"start":{"line":2,"column":23},"end":{"line":4,"column":2}},"2":{"start":{"line":6,"column":0},"end":{"line":6,"column":31}}},"fnMap":{},"branchMap":{},"s":{"0":1,"1":1,"2":1},"f":{},"b":{},"_coverageSchema":"1a1c01bbd47fc00a2c39e90264f33305004495a9","hash":"91725f25134edff1954cb12728d4012a7c28fada"}
,"C:\\Users\\Zefan\\phase_3\\week_4\\final-project\\final-project\\middlewares\\authentication.js": {"path":"C:\\Users\\Zefan\\phase_3\\week_4\\final-project\\final-project\\middlewares\\authentication.js","statementMap":{"0":{"start":{"line":1,"column":19},"end":{"line":1,"column":44}},"1":{"start":{"line":2,"column":17},"end":{"line":2,"column":37}},"2":{"start":{"line":4,"column":23},"end":{"line":27,"column":1}},"3":{"start":{"line":5,"column":2},"end":{"line":26,"column":3}},"4":{"start":{"line":6,"column":25},"end":{"line":6,"column":49}},"5":{"start":{"line":7,"column":4},"end":{"line":23,"column":5}},"6":{"start":{"line":8,"column":22},"end":{"line":8,"column":42}},"7":{"start":{"line":9,"column":19},"end":{"line":13,"column":8}},"8":{"start":{"line":14,"column":6},"end":{"line":20,"column":7}},"9":{"start":{"line":15,"column":8},"end":{"line":15,"column":24}},"10":{"start":{"line":16,"column":8},"end":{"line":16,"column":30}},"11":{"start":{"line":17,"column":8},"end":{"line":17,"column":15}},"12":{"start":{"line":19,"column":8},"end":{"line":19,"column":59}},"13":{"start":{"line":22,"column":6},"end":{"line":22,"column":57}},"14":{"start":{"line":25,"column":4},"end":{"line":25,"column":14}},"15":{"start":{"line":29,"column":0},"end":{"line":29,"column":32}}},"fnMap":{"0":{"name":"(anonymous_0)","decl":{"start":{"line":4,"column":23},"end":{"line":4,"column":24}},"loc":{"start":{"line":4,"column":49},"end":{"line":27,"column":1}},"line":4}},"branchMap":{"0":{"loc":{"start":{"line":7,"column":4},"end":{"line":23,"column":5}},"type":"if","locations":[{"start":{"line":7,"column":4},"end":{"line":23,"column":5}},{"start":{"line":7,"column":4},"end":{"line":23,"column":5}}],"line":7},"1":{"loc":{"start":{"line":14,"column":6},"end":{"line":20,"column":7}},"type":"if","locations":[{"start":{"line":14,"column":6},"end":{"line":20,"column":7}},{"start":{"line":14,"column":6},"end":{"line":20,"column":7}}],"line":14}},"s":{"0":1,"1":1,"2":1,"3":1,"4":1,"5":1,"6":0,"7":0,"8":0,"9":0,"10":0,"11":0,"12":0,"13":1,"14":1,"15":1},"f":{"0":1},"b":{"0":[0,1],"1":[0,0]},"_coverageSchema":"1a1c01bbd47fc00a2c39e90264f33305004495a9","hash":"81758fb434719db09c624b577ea49bd135d3dc78"}
,"C:\\Users\\Zefan\\phase_3\\week_4\\final-project\\final-project\\middlewares\\authorization.js": {"path":"C:\\Users\\Zefan\\phase_3\\week_4\\final-project\\final-project\\middlewares\\authorization.js","statementMap":{"0":{"start":{"line":1,"column":40},"end":{"line":1,"column":60}},"1":{"start":{"line":3,"column":27},"end":{"line":10,"column":1}},"2":{"start":{"line":4,"column":2},"end":{"line":9,"column":3}},"3":{"start":{"line":5,"column":4},"end":{"line":6,"column":61}},"4":{"start":{"line":5,"column":35},"end":{"line":5,"column":42}},"5":{"start":{"line":6,"column":9},"end":{"line":6,"column":61}},"6":{"start":{"line":8,"column":4},"end":{"line":8,"column":14}},"7":{"start":{"line":12,"column":30},"end":{"line":25,"column":1}},"8":{"start":{"line":13,"column":2},"end":{"line":24,"column":3}},"9":{"start":{"line":14,"column":21},"end":{"line":18,"column":6}},"10":{"start":{"line":19,"column":18},"end":{"line":19,"column":56}},"11":{"start":{"line":20,"column":4},"end":{"line":21,"column":61}},"12":{"start":{"line":20,"column":41},"end":{"line":20,"column":48}},"13":{"start":{"line":21,"column":9},"end":{"line":21,"column":61}},"14":{"start":{"line":23,"column":4},"end":{"line":23,"column":14}},"15":{"start":{"line":27,"column":41},"end":{"line":45,"column":1}},"16":{"start":{"line":28,"column":2},"end":{"line":44,"column":3}},"17":{"start":{"line":29,"column":21},"end":{"line":36,"column":6}},"18":{"start":{"line":37,"column":30},"end":{"line":39,"column":6}},"19":{"start":{"line":38,"column":6},"end":{"line":38,"column":47}},"20":{"start":{"line":40,"column":4},"end":{"line":41,"column":62}},"21":{"start":{"line":40,"column":27},"end":{"line":40,"column":34}},"22":{"start":{"line":41,"column":9},"end":{"line":41,"column":62}},"23":{"start":{"line":43,"column":4},"end":{"line":43,"column":14}},"24":{"start":{"line":47,"column":0},"end":{"line":51,"column":2}}},"fnMap":{"0":{"name":"(anonymous_0)","decl":{"start":{"line":3,"column":27},"end":{"line":3,"column":28}},"loc":{"start":{"line":3,"column":53},"end":{"line":10,"column":1}},"line":3},"1":{"name":"(anonymous_1)","decl":{"start":{"line":12,"column":30},"end":{"line":12,"column":31}},"loc":{"start":{"line":12,"column":56},"end":{"line":25,"column":1}},"line":12},"2":{"name":"(anonymous_2)","decl":{"start":{"line":27,"column":41},"end":{"line":27,"column":42}},"loc":{"start":{"line":27,"column":67},"end":{"line":45,"column":1}},"line":27},"3":{"name":"(anonymous_3)","decl":{"start":{"line":37,"column":57},"end":{"line":37,"column":58}},"loc":{"start":{"line":37,"column":74},"end":{"line":39,"column":5}},"line":37}},"branchMap":{"0":{"loc":{"start":{"line":5,"column":4},"end":{"line":6,"column":61}},"type":"if","locations":[{"start":{"line":5,"column":4},"end":{"line":6,"column":61}},{"start":{"line":5,"column":4},"end":{"line":6,"column":61}}],"line":5},"1":{"loc":{"start":{"line":19,"column":18},"end":{"line":19,"column":56}},"type":"binary-expr","locations":[{"start":{"line":19,"column":18},"end":{"line":19,"column":31}},{"start":{"line":19,"column":35},"end":{"line":19,"column":56}}],"line":19},"2":{"loc":{"start":{"line":20,"column":4},"end":{"line":21,"column":61}},"type":"if","locations":[{"start":{"line":20,"column":4},"end":{"line":21,"column":61}},{"start":{"line":20,"column":4},"end":{"line":21,"column":61}}],"line":20},"3":{"loc":{"start":{"line":40,"column":4},"end":{"line":41,"column":62}},"type":"if","locations":[{"start":{"line":40,"column":4},"end":{"line":41,"column":62}},{"start":{"line":40,"column":4},"end":{"line":41,"column":62}}],"line":40}},"s":{"0":1,"1":1,"2":0,"3":0,"4":0,"5":0,"6":0,"7":1,"8":0,"9":0,"10":0,"11":0,"12":0,"13":0,"14":0,"15":1,"16":0,"17":0,"18":0,"19":0,"20":0,"21":0,"22":0,"23":0,"24":1},"f":{"0":0,"1":0,"2":0,"3":0},"b":{"0":[0,0],"1":[0,0],"2":[0,0],"3":[0,0]},"_coverageSchema":"1a1c01bbd47fc00a2c39e90264f33305004495a9","hash":"f3cd0b4e148dae7a50b6e788a57a1eb831bfe181"}
,"C:\\Users\\Zefan\\phase_3\\week_4\\final-project\\final-project\\middlewares\\errorHandler.js": {"path":"C:\\Users\\Zefan\\phase_3\\week_4\\final-project\\final-project\\middlewares\\errorHandler.js","statementMap":{"0":{"start":{"line":1,"column":21},"end":{"line":28,"column":1}},"1":{"start":{"line":2,"column":2},"end":{"line":2,"column":19}},"2":{"start":{"line":3,"column":2},"end":{"line":27,"column":3}},"3":{"start":{"line":4,"column":4},"end":{"line":4,"column":58}},"4":{"start":{"line":5,"column":9},"end":{"line":27,"column":3}},"5":{"start":{"line":6,"column":18},"end":{"line":6,"column":52}},"6":{"start":{"line":6,"column":41},"end":{"line":6,"column":51}},"7":{"start":{"line":7,"column":4},"end":{"line":7,"column":38}},"8":{"start":{"line":8,"column":9},"end":{"line":27,"column":3}},"9":{"start":{"line":9,"column":49},"end":{"line":9,"column":56}},"10":{"start":{"line":10,"column":14},"end":{"line":10,"column":21}},"11":{"start":{"line":11,"column":4},"end":{"line":11,"column":79}},"12":{"start":{"line":11,"column":49},"end":{"line":11,"column":77}},"13":{"start":{"line":12,"column":4},"end":{"line":12,"column":68}},"14":{"start":{"line":12,"column":39},"end":{"line":12,"column":66}},"15":{"start":{"line":13,"column":4},"end":{"line":13,"column":50}},"16":{"start":{"line":14,"column":9},"end":{"line":27,"column":3}},"17":{"start":{"line":15,"column":4},"end":{"line":15,"column":52}},"18":{"start":{"line":16,"column":9},"end":{"line":27,"column":3}},"19":{"start":{"line":17,"column":29},"end":{"line":17,"column":41}},"20":{"start":{"line":18,"column":4},"end":{"line":24,"column":5}},"21":{"start":{"line":19,"column":22},"end":{"line":19,"column":33}},"22":{"start":{"line":20,"column":6},"end":{"line":20,"column":42}},"23":{"start":{"line":22,"column":22},"end":{"line":22,"column":45}},"24":{"start":{"line":23,"column":6},"end":{"line":23,"column":42}},"25":{"start":{"line":26,"column":4},"end":{"line":26,"column":63}},"26":{"start":{"line":30,"column":0},"end":{"line":30,"column":30}}},"fnMap":{"0":{"name":"(anonymous_0)","decl":{"start":{"line":1,"column":21},"end":{"line":1,"column":22}},"loc":{"start":{"line":1,"column":46},"end":{"line":28,"column":1}},"line":1},"1":{"name":"(anonymous_1)","decl":{"start":{"line":6,"column":33},"end":{"line":6,"column":34}},"loc":{"start":{"line":6,"column":41},"end":{"line":6,"column":51}},"line":6}},"branchMap":{"0":{"loc":{"start":{"line":3,"column":2},"end":{"line":27,"column":3}},"type":"if","locations":[{"start":{"line":3,"column":2},"end":{"line":27,"column":3}},{"start":{"line":3,"column":2},"end":{"line":27,"column":3}}],"line":3},"1":{"loc":{"start":{"line":5,"column":9},"end":{"line":27,"column":3}},"type":"if","locations":[{"start":{"line":5,"column":9},"end":{"line":27,"column":3}},{"start":{"line":5,"column":9},"end":{"line":27,"column":3}}],"line":5},"2":{"loc":{"start":{"line":8,"column":9},"end":{"line":27,"column":3}},"type":"if","locations":[{"start":{"line":8,"column":9},"end":{"line":27,"column":3}},{"start":{"line":8,"column":9},"end":{"line":27,"column":3}}],"line":8},"3":{"loc":{"start":{"line":11,"column":4},"end":{"line":11,"column":79}},"type":"if","locations":[{"start":{"line":11,"column":4},"end":{"line":11,"column":79}},{"start":{"line":11,"column":4},"end":{"line":11,"column":79}}],"line":11},"4":{"loc":{"start":{"line":11,"column":8},"end":{"line":11,"column":45}},"type":"binary-expr","locations":[{"start":{"line":11,"column":8},"end":{"line":11,"column":13}},{"start":{"line":11,"column":17},"end":{"line":11,"column":45}}],"line":11},"5":{"loc":{"start":{"line":12,"column":4},"end":{"line":12,"column":68}},"type":"if","locations":[{"start":{"line":12,"column":4},"end":{"line":12,"column":68}},{"start":{"line":12,"column":4},"end":{"line":12,"column":68}}],"line":12},"6":{"loc":{"start":{"line":14,"column":9},"end":{"line":27,"column":3}},"type":"if","locations":[{"start":{"line":14,"column":9},"end":{"line":27,"column":3}},{"start":{"line":14,"column":9},"end":{"line":27,"column":3}}],"line":14},"7":{"loc":{"start":{"line":16,"column":9},"end":{"line":27,"column":3}},"type":"if","locations":[{"start":{"line":16,"column":9},"end":{"line":27,"column":3}},{"start":{"line":16,"column":9},"end":{"line":27,"column":3}}],"line":16},"8":{"loc":{"start":{"line":18,"column":4},"end":{"line":24,"column":5}},"type":"if","locations":[{"start":{"line":18,"column":4},"end":{"line":24,"column":5}},{"start":{"line":18,"column":4},"end":{"line":24,"column":5}}],"line":18}},"s":{"0":1,"1":4,"2":4,"3":3,"4":1,"5":0,"6":0,"7":0,"8":1,"9":0,"10":0,"11":0,"12":0,"13":0,"14":0,"15":0,"16":1,"17":0,"18":1,"19":0,"20":0,"21":0,"22":0,"23":0,"24":0,"25":1,"26":1},"f":{"0":4,"1":0},"b":{"0":[3,1],"1":[0,1],"2":[0,1],"3":[0,0],"4":[0,0],"5":[0,0],"6":[0,1],"7":[0,1],"8":[0,0]},"_coverageSchema":"1a1c01bbd47fc00a2c39e90264f33305004495a9","hash":"61333f9c1323a14425e8b355b4bfbb52c77d4384"}
,"C:\\Users\\Zefan\\phase_3\\week_4\\final-project\\final-project\\models\\appointment.js": {"path":"C:\\Users\\Zefan\\phase_3\\week_4\\final-project\\final-project\\models\\appointment.js","statementMap":{"0":{"start":{"line":2,"column":18},"end":{"line":2,"column":38}},"1":{"start":{"line":3,"column":12},"end":{"line":3,"column":53}},"2":{"start":{"line":4,"column":0},"end":{"line":93,"column":2}},"3":{"start":{"line":13,"column":6},"end":{"line":16,"column":44}},"4":{"start":{"line":19,"column":2},"end":{"line":91,"column":4}},"5":{"start":{"line":92,"column":2},"end":{"line":92,"column":21}}},"fnMap":{"0":{"name":"(anonymous_0)","decl":{"start":{"line":4,"column":17},"end":{"line":4,"column":18}},"loc":{"start":{"line":4,"column":43},"end":{"line":93,"column":1}},"line":4},"1":{"name":"(anonymous_1)","decl":{"start":{"line":11,"column":4},"end":{"line":11,"column":5}},"loc":{"start":{"line":11,"column":29},"end":{"line":17,"column":5}},"line":11}},"branchMap":{},"s":{"0":1,"1":1,"2":1,"3":1,"4":1,"5":1},"f":{"0":1,"1":1},"b":{},"_coverageSchema":"1a1c01bbd47fc00a2c39e90264f33305004495a9","hash":"ffdbf068f6e5d115ead2b317f089a9d3aead8f30"}
,"C:\\Users\\Zefan\\phase_3\\week_4\\final-project\\final-project\\models\\customer.js": {"path":"C:\\Users\\Zefan\\phase_3\\week_4\\final-project\\final-project\\models\\customer.js","statementMap":{"0":{"start":{"line":2,"column":18},"end":{"line":2,"column":38}},"1":{"start":{"line":3,"column":0},"end":{"line":64,"column":2}},"2":{"start":{"line":12,"column":6},"end":{"line":12,"column":38}},"3":{"start":{"line":13,"column":6},"end":{"line":13,"column":43}},"4":{"start":{"line":16,"column":2},"end":{"line":61,"column":4}},"5":{"start":{"line":63,"column":2},"end":{"line":63,"column":18}}},"fnMap":{"0":{"name":"(anonymous_0)","decl":{"start":{"line":3,"column":17},"end":{"line":3,"column":18}},"loc":{"start":{"line":3,"column":43},"end":{"line":64,"column":1}},"line":3},"1":{"name":"(anonymous_1)","decl":{"start":{"line":10,"column":4},"end":{"line":10,"column":5}},"loc":{"start":{"line":10,"column":29},"end":{"line":14,"column":5}},"line":10}},"branchMap":{},"s":{"0":1,"1":1,"2":1,"3":1,"4":1,"5":1},"f":{"0":1,"1":1},"b":{},"_coverageSchema":"1a1c01bbd47fc00a2c39e90264f33305004495a9","hash":"db186f5ed93a0713842833a31dd79a68d549911a"}
,"C:\\Users\\Zefan\\phase_3\\week_4\\final-project\\final-project\\models\\index.js": {"path":"C:\\Users\\Zefan\\phase_3\\week_4\\final-project\\final-project\\models\\index.js","statementMap":{"0":{"start":{"line":3,"column":11},"end":{"line":3,"column":24}},"1":{"start":{"line":4,"column":13},"end":{"line":4,"column":28}},"2":{"start":{"line":5,"column":18},"end":{"line":5,"column":38}},"3":{"start":{"line":6,"column":17},"end":{"line":6,"column":42}},"4":{"start":{"line":7,"column":12},"end":{"line":7,"column":49}},"5":{"start":{"line":8,"column":15},"end":{"line":8,"column":65}},"6":{"start":{"line":9,"column":11},"end":{"line":9,"column":13}},"7":{"start":{"line":12,"column":0},"end":{"line":16,"column":1}},"8":{"start":{"line":13,"column":2},"end":{"line":13,"column":74}},"9":{"start":{"line":15,"column":2},"end":{"line":15,"column":87}},"10":{"start":{"line":18,"column":0},"end":{"line":26,"column":5}},"11":{"start":{"line":21,"column":4},"end":{"line":21,"column":90}},"12":{"start":{"line":24,"column":18},"end":{"line":24,"column":85}},"13":{"start":{"line":25,"column":4},"end":{"line":25,"column":27}},"14":{"start":{"line":28,"column":0},"end":{"line":32,"column":3}},"15":{"start":{"line":29,"column":2},"end":{"line":31,"column":3}},"16":{"start":{"line":30,"column":4},"end":{"line":30,"column":32}},"17":{"start":{"line":34,"column":0},"end":{"line":34,"column":25}},"18":{"start":{"line":35,"column":0},"end":{"line":35,"column":25}},"19":{"start":{"line":37,"column":0},"end":{"line":37,"column":20}}},"fnMap":{"0":{"name":"(anonymous_0)","decl":{"start":{"line":20,"column":10},"end":{"line":20,"column":11}},"loc":{"start":{"line":20,"column":18},"end":{"line":22,"column":3}},"line":20},"1":{"name":"(anonymous_1)","decl":{"start":{"line":23,"column":11},"end":{"line":23,"column":12}},"loc":{"start":{"line":23,"column":19},"end":{"line":26,"column":3}},"line":23},"2":{"name":"(anonymous_2)","decl":{"start":{"line":28,"column":24},"end":{"line":28,"column":25}},"loc":{"start":{"line":28,"column":37},"end":{"line":32,"column":1}},"line":28}},"branchMap":{"0":{"loc":{"start":{"line":7,"column":12},"end":{"line":7,"column":49}},"type":"binary-expr","locations":[{"start":{"line":7,"column":12},"end":{"line":7,"column":32}},{"start":{"line":7,"column":36},"end":{"line":7,"column":49}}],"line":7},"1":{"loc":{"start":{"line":12,"column":0},"end":{"line":16,"column":1}},"type":"if","locations":[{"start":{"line":12,"column":0},"end":{"line":16,"column":1}},{"start":{"line":12,"column":0},"end":{"line":16,"column":1}}],"line":12},"2":{"loc":{"start":{"line":21,"column":11},"end":{"line":21,"column":89}},"type":"binary-expr","locations":[{"start":{"line":21,"column":12},"end":{"line":21,"column":35}},{"start":{"line":21,"column":41},"end":{"line":21,"column":58}},{"start":{"line":21,"column":64},"end":{"line":21,"column":88}}],"line":21},"3":{"loc":{"start":{"line":29,"column":2},"end":{"line":31,"column":3}},"type":"if","locations":[{"start":{"line":29,"column":2},"end":{"line":31,"column":3}},{"start":{"line":29,"column":2},"end":{"line":31,"column":3}}],"line":29}},"s":{"0":1,"1":1,"2":1,"3":1,"4":1,"5":1,"6":1,"7":1,"8":0,"9":1,"10":1,"11":7,"12":6,"13":6,"14":1,"15":6,"16":6,"17":1,"18":1,"19":1},"f":{"0":7,"1":6,"2":6},"b":{"0":[1,0],"1":[0,1],"2":[7,7,6],"3":[6,0]},"_coverageSchema":"1a1c01bbd47fc00a2c39e90264f33305004495a9","hash":"5f4fa510844a67cb5503128ed8f37fb5f16f5090"}
,"C:\\Users\\Zefan\\phase_3\\week_4\\final-project\\final-project\\models\\paymentmethod.js": {"path":"C:\\Users\\Zefan\\phase_3\\week_4\\final-project\\final-project\\models\\paymentmethod.js","statementMap":{"0":{"start":{"line":4,"column":4},"end":{"line":4,"column":24}},"1":{"start":{"line":5,"column":0},"end":{"line":23,"column":2}},"2":{"start":{"line":16,"column":2},"end":{"line":21,"column":5}},"3":{"start":{"line":22,"column":2},"end":{"line":22,"column":23}}},"fnMap":{"0":{"name":"(anonymous_0)","decl":{"start":{"line":5,"column":17},"end":{"line":5,"column":18}},"loc":{"start":{"line":5,"column":43},"end":{"line":23,"column":1}},"line":5},"1":{"name":"(anonymous_1)","decl":{"start":{"line":12,"column":4},"end":{"line":12,"column":5}},"loc":{"start":{"line":12,"column":29},"end":{"line":14,"column":5}},"line":12}},"branchMap":{},"s":{"0":1,"1":1,"2":1,"3":1},"f":{"0":1,"1":1},"b":{},"_coverageSchema":"1a1c01bbd47fc00a2c39e90264f33305004495a9","hash":"4815a9f8a1c4c6bb308c92f0fa0d7eebd9e9a44e"}
,"C:\\Users\\Zefan\\phase_3\\week_4\\final-project\\final-project\\models\\presencelist.js": {"path":"C:\\Users\\Zefan\\phase_3\\week_4\\final-project\\final-project\\models\\presencelist.js","statementMap":{"0":{"start":{"line":2,"column":18},"end":{"line":2,"column":38}},"1":{"start":{"line":3,"column":12},"end":{"line":3,"column":53}},"2":{"start":{"line":4,"column":0},"end":{"line":51,"column":2}},"3":{"start":{"line":13,"column":6},"end":{"line":13,"column":49}},"4":{"start":{"line":16,"column":2},"end":{"line":48,"column":5}},"5":{"start":{"line":50,"column":2},"end":{"line":50,"column":22}}},"fnMap":{"0":{"name":"(anonymous_0)","decl":{"start":{"line":4,"column":17},"end":{"line":4,"column":18}},"loc":{"start":{"line":4,"column":43},"end":{"line":51,"column":1}},"line":4},"1":{"name":"(anonymous_1)","decl":{"start":{"line":11,"column":4},"end":{"line":11,"column":5}},"loc":{"start":{"line":11,"column":29},"end":{"line":14,"column":5}},"line":11}},"branchMap":{},"s":{"0":1,"1":1,"2":1,"3":1,"4":1,"5":1},"f":{"0":1,"1":1},"b":{},"_coverageSchema":"1a1c01bbd47fc00a2c39e90264f33305004495a9","hash":"f9b46aca4cf62c106f04520d4f98aaa82f8c8a86"}
,"C:\\Users\\Zefan\\phase_3\\week_4\\final-project\\final-project\\models\\price.js": {"path":"C:\\Users\\Zefan\\phase_3\\week_4\\final-project\\final-project\\models\\price.js","statementMap":{"0":{"start":{"line":2,"column":18},"end":{"line":2,"column":38}},"1":{"start":{"line":3,"column":0},"end":{"line":27,"column":2}},"2":{"start":{"line":15,"column":2},"end":{"line":25,"column":4}},"3":{"start":{"line":26,"column":2},"end":{"line":26,"column":15}}},"fnMap":{"0":{"name":"(anonymous_0)","decl":{"start":{"line":3,"column":17},"end":{"line":3,"column":18}},"loc":{"start":{"line":3,"column":43},"end":{"line":27,"column":1}},"line":3},"1":{"name":"(anonymous_1)","decl":{"start":{"line":10,"column":4},"end":{"line":10,"column":5}},"loc":{"start":{"line":10,"column":29},"end":{"line":13,"column":5}},"line":10}},"branchMap":{},"s":{"0":1,"1":1,"2":1,"3":1},"f":{"0":1,"1":1},"b":{},"_coverageSchema":"1a1c01bbd47fc00a2c39e90264f33305004495a9","hash":"be80b88e1a7834587ca5740bde47858d054a6917"}
,"C:\\Users\\Zefan\\phase_3\\week_4\\final-project\\final-project\\models\\user.js": {"path":"C:\\Users\\Zefan\\phase_3\\week_4\\final-project\\final-project\\models\\user.js","statementMap":{"0":{"start":{"line":2,"column":18},"end":{"line":2,"column":38}},"1":{"start":{"line":3,"column":19},"end":{"line":3,"column":47}},"2":{"start":{"line":4,"column":0},"end":{"line":45,"column":2}},"3":{"start":{"line":13,"column":6},"end":{"line":13,"column":35}},"4":{"start":{"line":16,"column":2},"end":{"line":43,"column":4}},"5":{"start":{"line":39,"column":10},"end":{"line":39,"column":56}},"6":{"start":{"line":44,"column":2},"end":{"line":44,"column":14}}},"fnMap":{"0":{"name":"(anonymous_0)","decl":{"start":{"line":4,"column":17},"end":{"line":4,"column":18}},"loc":{"start":{"line":4,"column":43},"end":{"line":45,"column":1}},"line":4},"1":{"name":"(anonymous_1)","decl":{"start":{"line":11,"column":4},"end":{"line":11,"column":5}},"loc":{"start":{"line":11,"column":29},"end":{"line":14,"column":5}},"line":11},"2":{"name":"(anonymous_2)","decl":{"start":{"line":38,"column":8},"end":{"line":38,"column":9}},"loc":{"start":{"line":38,"column":31},"end":{"line":40,"column":9}},"line":38}},"branchMap":{},"s":{"0":1,"1":1,"2":1,"3":1,"4":1,"5":2,"6":1},"f":{"0":1,"1":1,"2":2},"b":{},"_coverageSchema":"1a1c01bbd47fc00a2c39e90264f33305004495a9","hash":"7585f03a25ba41567c2f1c2721eea871ea0bfe90"}
,"C:\\Users\\Zefan\\phase_3\\week_4\\final-project\\final-project\\routes\\appointment.js": {"path":"C:\\Users\\Zefan\\phase_3\\week_4\\final-project\\final-project\\routes\\appointment.js","statementMap":{"0":{"start":{"line":1,"column":15},"end":{"line":1,"column":42}},"1":{"start":{"line":2,"column":19},"end":{"line":2,"column":66}},"2":{"start":{"line":7,"column":4},"end":{"line":7,"column":43}},"3":{"start":{"line":9,"column":0},"end":{"line":9,"column":63}},"4":{"start":{"line":10,"column":0},"end":{"line":10,"column":45}},"5":{"start":{"line":11,"column":0},"end":{"line":11,"column":50}},"6":{"start":{"line":12,"column":0},"end":{"line":16,"column":2}},"7":{"start":{"line":17,"column":0},"end":{"line":21,"column":2}},"8":{"start":{"line":23,"column":0},"end":{"line":23,"column":24}}},"fnMap":{},"branchMap":{},"s":{"0":1,"1":1,"2":1,"3":1,"4":1,"5":1,"6":1,"7":1,"8":1},"f":{},"b":{},"_coverageSchema":"1a1c01bbd47fc00a2c39e90264f33305004495a9","hash":"7f45f6f85c3542ff2533ee1696da9abfb80d1efc"}
,"C:\\Users\\Zefan\\phase_3\\week_4\\final-project\\final-project\\routes\\customer.js": {"path":"C:\\Users\\Zefan\\phase_3\\week_4\\final-project\\final-project\\routes\\customer.js","statementMap":{"0":{"start":{"line":1,"column":16},"end":{"line":1,"column":34}},"1":{"start":{"line":2,"column":15},"end":{"line":2,"column":31}},"2":{"start":{"line":3,"column":27},"end":{"line":3,"column":71}},"3":{"start":{"line":4,"column":23},"end":{"line":4,"column":63}},"4":{"start":{"line":8,"column":4},"end":{"line":8,"column":43}},"5":{"start":{"line":10,"column":0},"end":{"line":10,"column":68}},"6":{"start":{"line":11,"column":0},"end":{"line":11,"column":70}},"7":{"start":{"line":12,"column":0},"end":{"line":12,"column":76}},"8":{"start":{"line":13,"column":0},"end":{"line":13,"column":77}},"9":{"start":{"line":15,"column":0},"end":{"line":15,"column":24}}},"fnMap":{},"branchMap":{},"s":{"0":1,"1":1,"2":1,"3":1,"4":1,"5":1,"6":1,"7":1,"8":1,"9":1},"f":{},"b":{},"_coverageSchema":"1a1c01bbd47fc00a2c39e90264f33305004495a9","hash":"110ed40a7749f2aaa39b8b34ecbf84978c43aca2"}
,"C:\\Users\\Zefan\\phase_3\\week_4\\final-project\\final-project\\routes\\index.js": {"path":"C:\\Users\\Zefan\\phase_3\\week_4\\final-project\\final-project\\routes\\index.js","statementMap":{"0":{"start":{"line":1,"column":15},"end":{"line":1,"column":42}},"1":{"start":{"line":3,"column":26},"end":{"line":3,"column":50}},"2":{"start":{"line":4,"column":23},"end":{"line":4,"column":44}},"3":{"start":{"line":5,"column":23},"end":{"line":5,"column":44}},"4":{"start":{"line":6,"column":19},"end":{"line":6,"column":36}},"5":{"start":{"line":7,"column":22},"end":{"line":7,"column":42}},"6":{"start":{"line":8,"column":21},"end":{"line":8,"column":40}},"7":{"start":{"line":9,"column":23},"end":{"line":9,"column":63}},"8":{"start":{"line":11,"column":0},"end":{"line":11,"column":32}},"9":{"start":{"line":13,"column":0},"end":{"line":13,"column":32}},"10":{"start":{"line":15,"column":0},"end":{"line":15,"column":36}},"11":{"start":{"line":16,"column":0},"end":{"line":16,"column":46}},"12":{"start":{"line":17,"column":0},"end":{"line":17,"column":40}},"13":{"start":{"line":18,"column":0},"end":{"line":18,"column":41}},"14":{"start":{"line":19,"column":0},"end":{"line":19,"column":39}},"15":{"start":{"line":21,"column":0},"end":{"line":21,"column":24}}},"fnMap":{},"branchMap":{},"s":{"0":1,"1":1,"2":1,"3":1,"4":1,"5":1,"6":1,"7":1,"8":1,"9":1,"10":1,"11":1,"12":1,"13":1,"14":1,"15":1},"f":{},"b":{},"_coverageSchema":"1a1c01bbd47fc00a2c39e90264f33305004495a9","hash":"e62e22cab4a7f99d72a1ad7006b86a28eaf7016d"}
,"C:\\Users\\Zefan\\phase_3\\week_4\\final-project\\final-project\\routes\\payment.js": {"path":"C:\\Users\\Zefan\\phase_3\\week_4\\final-project\\final-project\\routes\\payment.js","statementMap":{"0":{"start":{"line":1,"column":44},"end":{"line":1,"column":84}},"1":{"start":{"line":2,"column":67},"end":{"line":2,"column":107}},"2":{"start":{"line":4,"column":15},"end":{"line":4,"column":42}},"3":{"start":{"line":6,"column":0},"end":{"line":6,"column":38}},"4":{"start":{"line":7,"column":0},"end":{"line":7,"column":43}},"5":{"start":{"line":8,"column":0},"end":{"line":8,"column":53}},"6":{"start":{"line":9,"column":0},"end":{"line":9,"column":54}},"7":{"start":{"line":10,"column":0},"end":{"line":10,"column":38}},"8":{"start":{"line":12,"column":0},"end":{"line":12,"column":23}}},"fnMap":{},"branchMap":{},"s":{"0":1,"1":1,"2":1,"3":1,"4":1,"5":1,"6":1,"7":1,"8":1},"f":{},"b":{},"_coverageSchema":"1a1c01bbd47fc00a2c39e90264f33305004495a9","hash":"91f205e32cb09103049192a44ff4e7eb0f1c5dc8"}
,"C:\\Users\\Zefan\\phase_3\\week_4\\final-project\\final-project\\routes\\presence.js": {"path":"C:\\Users\\Zefan\\phase_3\\week_4\\final-project\\final-project\\routes\\presence.js","statementMap":{"0":{"start":{"line":1,"column":15},"end":{"line":1,"column":42}},"1":{"start":{"line":2,"column":19},"end":{"line":2,"column":53}},"2":{"start":{"line":3,"column":31},"end":{"line":3,"column":70}},"3":{"start":{"line":5,"column":0},"end":{"line":5,"column":31}},"4":{"start":{"line":7,"column":0},"end":{"line":7,"column":40}},"5":{"start":{"line":8,"column":0},"end":{"line":8,"column":42}},"6":{"start":{"line":9,"column":0},"end":{"line":9,"column":47}},"7":{"start":{"line":10,"column":0},"end":{"line":10,"column":72}},"8":{"start":{"line":12,"column":0},"end":{"line":12,"column":24}}},"fnMap":{},"branchMap":{},"s":{"0":1,"1":1,"2":1,"3":1,"4":1,"5":1,"6":1,"7":1,"8":1},"f":{},"b":{},"_coverageSchema":"1a1c01bbd47fc00a2c39e90264f33305004495a9","hash":"0ae2d69078f8aa1fae1416c4840807a1ec9bd08c"}
,"C:\\Users\\Zefan\\phase_3\\week_4\\final-project\\final-project\\routes\\search.js": {"path":"C:\\Users\\Zefan\\phase_3\\week_4\\final-project\\final-project\\routes\\search.js","statementMap":{"0":{"start":{"line":1,"column":16},"end":{"line":1,"column":34}},"1":{"start":{"line":2,"column":19},"end":{"line":2,"column":62}},"2":{"start":{"line":3,"column":15},"end":{"line":3,"column":31}},"3":{"start":{"line":5,"column":0},"end":{"line":5,"column":44}},"4":{"start":{"line":7,"column":0},"end":{"line":7,"column":24}}},"fnMap":{},"branchMap":{},"s":{"0":1,"1":1,"2":1,"3":1,"4":1},"f":{},"b":{},"_coverageSchema":"1a1c01bbd47fc00a2c39e90264f33305004495a9","hash":"e05ec7210f7b111680cdf04fb7c2ed8a169b4bae"}
,"C:\\Users\\Zefan\\phase_3\\week_4\\final-project\\final-project\\routes\\user.js": {"path":"C:\\Users\\Zefan\\phase_3\\week_4\\final-project\\final-project\\routes\\user.js","statementMap":{"0":{"start":{"line":1,"column":16},"end":{"line":1,"column":34}},"1":{"start":{"line":2,"column":19},"end":{"line":2,"column":59}},"2":{"start":{"line":3,"column":23},"end":{"line":3,"column":63}},"3":{"start":{"line":4,"column":15},"end":{"line":4,"column":31}},"4":{"start":{"line":6,"column":0},"end":{"line":6,"column":46}},"5":{"start":{"line":7,"column":0},"end":{"line":7,"column":63}},"6":{"start":{"line":8,"column":0},"end":{"line":8,"column":69}},"7":{"start":{"line":9,"column":0},"end":{"line":9,"column":40}},"8":{"start":{"line":10,"column":0},"end":{"line":10,"column":67}},"9":{"start":{"line":12,"column":0},"end":{"line":12,"column":24}}},"fnMap":{},"branchMap":{},"s":{"0":1,"1":1,"2":1,"3":1,"4":1,"5":1,"6":1,"7":1,"8":1,"9":1},"f":{},"b":{},"_coverageSchema":"1a1c01bbd47fc00a2c39e90264f33305004495a9","hash":"0da7817b94a4e171441f352ae6ebe880ff585160"}
}
