TN:
SF:app.js
FNF:0
FNH:0
DA:1,6
DA:2,6
DA:3,6
DA:4,6
DA:5,6
DA:6,6
DA:7,6
DA:9,6
DA:10,6
DA:11,6
DA:12,6
DA:13,6
DA:15,6
LF:13
LH:13
BRDA:4,0,0,6
BRDA:4,0,1,6
BRF:2
BRH:2
end_of_record
TN:
SF:controllers/UserController.js
FN:6,(anonymous_0)
FN:24,(anonymous_1)
FN:34,(anonymous_2)
FN:44,(anonymous_3)
FN:51,(anonymous_4)
FN:56,(anonymous_5)
FN:67,(anonymous_6)
FN:87,(anonymous_7)
FN:93,(anonymous_8)
FN:104,(anonymous_9)
FN:107,(anonymous_10)
FN:112,(anonymous_11)
FN:119,(anonymous_12)
FN:122,(anonymous_13)
FN:127,(anonymous_14)
FN:134,(anonymous_15)
FN:137,(anonymous_16)
FNF:17
FNH:12
FNDA:1,(anonymous_0)
FNDA:1,(anonymous_1)
FNDA:1,(anonymous_2)
FNDA:1,(anonymous_3)
FNDA:0,(anonymous_4)
FNDA:3,(anonymous_5)
FNDA:3,(anonymous_6)
FNDA:0,(anonymous_7)
FNDA:1,(anonymous_8)
FNDA:1,(anonymous_9)
FNDA:0,(anonymous_10)
FNDA:1,(anonymous_11)
FNDA:1,(anonymous_12)
FNDA:0,(anonymous_13)
FNDA:2,(anonymous_14)
FNDA:2,(anonymous_15)
FNDA:0,(anonymous_16)
DA:1,6
DA:2,6
DA:3,6
DA:16,1
DA:18,1
DA:25,1
DA:26,1
DA:35,1
DA:45,1
DA:49,1
DA:52,0
DA:57,3
DA:59,3
DA:68,3
DA:69,2
DA:70,2
DA:72,1
DA:76,1
DA:81,1
DA:84,1
DA:88,0
DA:89,0
DA:94,1
DA:95,1
DA:96,1
DA:105,1
DA:108,0
DA:113,1
DA:114,1
DA:120,1
DA:123,0
DA:128,2
DA:129,2
DA:135,2
DA:138,0
DA:143,6
LF:36
LH:30
BRDA:68,0,0,2
BRDA:68,0,1,1
BRDA:70,1,0,1
BRDA:70,1,1,1
BRF:4
BRH:4
end_of_record
TN:
SF:controllers/appointmentController.js
FN:5,(anonymous_0)
FN:14,(anonymous_1)
FN:55,(anonymous_2)
FN:70,(anonymous_3)
FNF:4
FNH:4
FNDA:1,(anonymous_0)
FNDA:11,(anonymous_1)
FNDA:1,(anonymous_2)
FNDA:2,(anonymous_3)
DA:1,6
DA:2,6
DA:6,1
DA:7,1
DA:8,1
DA:10,0
DA:15,11
DA:16,11
DA:17,11
DA:18,11
DA:19,11
DA:20,11
DA:21,2
DA:23,9
DA:24,2
DA:26,7
DA:27,1
DA:30,6
DA:40,6
DA:41,1
DA:43,5
DA:44,5
DA:45,5
DA:46,5
DA:47,1
DA:50,10
DA:51,10
DA:56,1
DA:57,1
DA:60,1
DA:61,1
DA:63,0
DA:66,0
DA:71,2
DA:72,2
DA:73,2
DA:79,2
DA:80,1
DA:82,1
DA:85,1
DA:90,6
LF:41
LH:38
BRDA:20,0,0,2
BRDA:20,0,1,9
BRDA:20,1,0,11
BRDA:20,1,1,10
BRDA:23,2,0,2
BRDA:23,2,1,7
BRDA:23,3,0,9
BRDA:23,3,1,7
BRDA:26,4,0,1
BRDA:26,4,1,6
BRDA:40,5,0,1
BRDA:40,5,1,5
BRDA:60,6,0,1
BRDA:60,6,1,0
BRDA:79,7,0,1
BRDA:79,7,1,1
BRF:16
BRH:15
end_of_record
TN:
SF:controllers/customerController.js
FN:4,(anonymous_0)
FN:13,(anonymous_1)
FN:21,(anonymous_2)
FN:23,(anonymous_3)
FN:28,(anonymous_4)
FNF:5
FNH:5
FNDA:1,(anonymous_0)
FNDA:5,(anonymous_1)
FNDA:1,(anonymous_2)
FNDA:4,(anonymous_3)
FNDA:2,(anonymous_4)
DA:1,6
DA:5,1
DA:6,1
DA:7,1
DA:9,0
DA:14,5
DA:20,5
DA:22,1
DA:24,4
DA:30,2
DA:31,2
DA:32,2
DA:33,2
DA:34,1
DA:36,1
DA:39,1
DA:46,6
LF:17
LH:16
BRDA:33,0,0,1
BRDA:33,0,1,1
BRF:2
BRH:2
end_of_record
TN:
SF:controllers/keywordController.js
FN:5,(anonymous_0)
FNF:1
FNH:1
FNDA:4,(anonymous_0)
DA:1,6
DA:2,6
DA:6,4
DA:7,4
DA:8,4
DA:10,4
DA:11,1
DA:21,3
DA:22,1
DA:33,2
DA:34,1
DA:45,4
DA:46,4
DA:47,1
DA:49,3
DA:51,1
DA:52,1
DA:57,6
LF:18
LH:18
BRDA:10,0,0,1
BRDA:10,0,1,3
BRDA:21,1,0,1
BRDA:21,1,1,2
BRDA:33,2,0,1
BRDA:33,2,1,1
BRDA:46,3,0,1
BRDA:46,3,1,3
BRF:8
BRH:8
end_of_record
TN:
SF:controllers/presence.js
FN:6,(anonymous_0)
FN:29,(anonymous_1)
FNF:2
FNH:2
FNDA:5,(anonymous_0)
FNDA:1,(anonymous_1)
DA:1,6
DA:2,6
DA:3,6
DA:7,5
DA:8,5
DA:9,5
DA:10,5
DA:11,1
DA:13,4
DA:14,4
DA:15,1
DA:17,3
DA:18,1
DA:19,1
DA:20,1
DA:21,1
DA:24,4
DA:25,4
DA:30,1
DA:31,1
DA:32,1
DA:34,0
DA:40,6
LF:23
LH:22
BRDA:10,0,0,1
BRDA:10,0,1,4
BRDA:14,1,0,1
BRDA:14,1,1,3
BRF:4
BRH:4
end_of_record
TN:
SF:controllers/priceController.js
FN:4,(anonymous_0)
FN:14,(anonymous_1)
FNF:2
FNH:0
FNDA:0,(anonymous_0)
FNDA:0,(anonymous_1)
DA:1,6
DA:3,6
DA:5,0
DA:6,0
DA:7,0
DA:8,0
DA:10,0
DA:15,0
DA:16,0
DA:17,0
DA:18,0
DA:19,0
DA:21,0
LF:13
LH:2
BRDA:7,0,0,0
BRDA:7,0,1,0
BRDA:18,1,0,0
BRDA:18,1,1,0
BRF:4
BRH:0
end_of_record
TN:
SF:controllers/payment/paymentDetails.js
FN:5,(anonymous_0)
FN:19,(anonymous_1)
FN:29,(anonymous_2)
FNF:3
FNH:0
FNDA:0,(anonymous_0)
FNDA:0,(anonymous_1)
FNDA:0,(anonymous_2)
DA:1,6
DA:3,6
DA:6,0
DA:7,0
DA:8,0
DA:9,0
DA:10,0
DA:11,0
DA:12,0
DA:13,0
DA:15,0
DA:20,0
DA:21,0
DA:22,0
DA:23,0
DA:25,0
DA:30,0
DA:31,0
DA:32,0
DA:33,0
DA:34,0
DA:36,0
LF:22
LH:2
BRDA:8,0,0,0
BRDA:8,0,1,0
BRDA:12,1,0,0
BRDA:12,1,1,0
BRDA:22,2,0,0
BRDA:22,2,1,0
BRDA:33,3,0,0
BRDA:33,3,1,0
BRF:8
BRH:0
end_of_record
TN:
SF:controllers/payment/stripe.js
FN:4,(anonymous_0)
FN:9,(anonymous_1)
FN:11,(anonymous_2)
FN:29,(anonymous_3)
FNF:4
FNH:4
FNDA:6,(anonymous_0)
FNDA:22,(anonymous_1)
FNDA:14,(anonymous_2)
FNDA:2,(anonymous_3)
DA:1,6
DA:3,6
DA:5,6
DA:6,6
DA:7,6
DA:8,6
DA:9,22
DA:10,6
DA:11,14
DA:12,4
DA:22,4
DA:23,1
DA:25,5
DA:30,2
DA:31,2
DA:32,2
DA:34,1
DA:36,1
LF:18
LH:18
BRDA:10,0,0,6
BRDA:10,0,1,2
BRF:2
BRH:2
end_of_record
TN:
SF:controllers/payment/xendit.js
FN:17,(anonymous_0)
FN:29,(anonymous_1)
FN:48,(anonymous_2)
FN:67,(anonymous_3)
FN:77,(anonymous_4)
FNF:5
FNH:3
FNDA:5,(anonymous_0)
FNDA:3,(anonymous_1)
FNDA:2,(anonymous_2)
FNDA:0,(anonymous_3)
FNDA:0,(anonymous_4)
DA:1,6
DA:2,6
DA:3,6
DA:4,6
DA:6,6
DA:7,6
DA:8,6
DA:9,6
DA:11,6
DA:12,6
DA:14,6
DA:15,6
DA:16,6
DA:18,5
DA:19,5
DA:20,5
DA:21,5
DA:22,5
DA:23,2
DA:25,3
DA:30,3
DA:31,3
DA:32,3
DA:33,3
DA:34,3
DA:35,3
DA:41,0
DA:43,3
DA:44,3
DA:49,2
DA:50,2
DA:51,2
DA:52,2
DA:53,2
DA:54,2
DA:55,2
DA:64,1
DA:65,1
DA:66,1
DA:67,0
DA:68,0
DA:70,1
DA:71,1
DA:73,1
DA:78,0
DA:79,0
DA:81,0
DA:82,0
DA:83,0
DA:84,0
DA:85,0
DA:86,0
DA:88,0
DA:89,0
LF:54
LH:41
BRDA:66,0,0,0
BRDA:66,0,1,1
BRF:2
BRH:1
end_of_record
TN:
SF:helpers/bcrypt.js
FN:3,(anonymous_0)
FN:8,(anonymous_1)
FNF:2
FNH:2
FNDA:11,(anonymous_0)
FNDA:2,(anonymous_1)
DA:1,6
DA:3,6
DA:4,11
DA:5,11
DA:8,6
DA:9,2
DA:12,6
LF:7
LH:7
BRF:0
BRH:0
end_of_record
TN:
SF:helpers/nodemailer.js
FN:13,(anonymous_0)
FN:25,(anonymous_1)
FNF:2
FNH:1
FNDA:1,(anonymous_0)
FNDA:0,(anonymous_1)
DA:1,6
DA:3,6
DA:13,6
DA:14,1
DA:25,1
DA:26,0
DA:27,0
DA:29,0
DA:34,6
LF:9
LH:6
BRDA:26,0,0,0
BRDA:26,0,1,0
BRF:2
BRH:0
end_of_record
TN:
SF:helpers/stripe.js
FNF:0
FNH:0
DA:1,6
DA:2,6
DA:4,6
LF:3
LH:3
BRF:0
BRH:0
end_of_record
TN:
SF:helpers/xendit.js
FNF:0
FNH:0
DA:1,6
DA:3,6
DA:4,6
DA:8,6
LF:4
LH:4
BRF:0
BRH:0
end_of_record
TN:
SF:middlewares/authentication.js
FN:5,(anonymous_0)
FNF:1
FNH:1
FNDA:64,(anonymous_0)
DA:1,6
DA:2,6
DA:3,6
DA:5,6
DA:6,64
DA:7,64
DA:8,64
DA:9,57
DA:10,54
DA:15,54
DA:16,54
DA:17,54
DA:19,0
DA:22,7
DA:25,3
DA:42,6
LF:16
LH:15
BRDA:8,0,0,57
BRDA:8,0,1,7
BRDA:15,1,0,54
BRDA:15,1,1,0
BRF:4
BRH:3
end_of_record
TN:
SF:middlewares/authorization.js
FN:3,(anonymous_0)
FN:12,(anonymous_1)
FNF:2
FNH:2
FNDA:16,(anonymous_0)
FNDA:2,(anonymous_1)
DA:1,6
DA:3,6
DA:4,16
DA:5,16
DA:6,1
DA:8,1
DA:12,6
DA:13,2
DA:14,2
DA:19,2
DA:20,2
DA:21,1
DA:23,1
DA:27,6
LF:14
LH:14
BRDA:5,0,0,15
BRDA:5,0,1,1
BRDA:19,1,0,2
BRDA:19,1,1,2
BRDA:20,2,0,1
BRDA:20,2,1,1
BRF:6
BRH:6
end_of_record
TN:
SF:middlewares/errorHandler.js
FN:1,(anonymous_0)
FN:5,(anonymous_1)
FNF:2
FNH:2
FNDA:48,(anonymous_0)
FNDA:14,(anonymous_1)
DA:1,6
DA:2,48
DA:3,28
DA:4,20
DA:5,14
DA:6,10
DA:7,10
DA:8,4
DA:9,4
DA:10,4
DA:11,4
DA:12,4
DA:13,6
DA:14,3
DA:15,3
DA:16,2
DA:17,2
DA:19,1
DA:20,1
DA:22,3
DA:23,3
DA:25,0
DA:29,6
LF:23
LH:22
BRDA:2,0,0,28
BRDA:2,0,1,20
BRDA:4,1,0,10
BRDA:4,1,1,10
BRDA:7,2,0,4
BRDA:7,2,1,6
BRDA:10,3,0,3
BRDA:10,3,1,1
BRDA:10,4,0,4
BRDA:10,4,1,3
BRDA:11,5,0,1
BRDA:11,5,1,3
BRDA:13,6,0,3
BRDA:13,6,1,3
BRDA:15,7,0,2
BRDA:15,7,1,1
BRDA:22,8,0,3
BRDA:22,8,1,0
BRF:18
BRH:17
end_of_record
TN:
SF:models/appointment.js
FN:4,(anonymous_0)
FN:11,(anonymous_1)
FNF:2
FNH:2
FNDA:6,(anonymous_0)
FNDA:6,(anonymous_1)
DA:2,6
DA:3,6
DA:4,6
DA:13,6
DA:14,6
DA:15,6
DA:16,6
DA:20,6
DA:91,6
LF:9
LH:9
BRF:0
BRH:0
end_of_record
TN:
SF:models/customer.js
FN:3,(anonymous_0)
FN:10,(anonymous_1)
FNF:2
FNH:2
FNDA:6,(anonymous_0)
FNDA:6,(anonymous_1)
DA:2,6
DA:3,6
DA:12,6
DA:13,6
DA:16,6
DA:63,6
LF:6
LH:6
BRF:0
BRH:0
end_of_record
TN:
SF:models/index.js
FN:20,(anonymous_0)
FN:23,(anonymous_1)
FN:28,(anonymous_2)
FNF:3
FNH:3
FNDA:54,(anonymous_0)
FNDA:48,(anonymous_1)
FNDA:48,(anonymous_2)
DA:3,6
DA:4,6
DA:5,6
DA:6,6
DA:7,6
DA:8,6
DA:9,6
DA:12,6
DA:13,0
DA:15,6
DA:18,6
DA:21,54
DA:24,48
DA:25,48
DA:28,6
DA:29,48
DA:30,48
DA:34,6
DA:35,6
DA:37,6
LF:20
LH:19
BRDA:7,0,0,6
BRDA:7,0,1,0
BRDA:12,1,0,0
BRDA:12,1,1,6
BRDA:21,2,0,54
BRDA:21,2,1,54
BRDA:21,2,2,48
BRDA:29,3,0,48
BRDA:29,3,1,0
BRF:9
BRH:6
end_of_record
TN:
SF:models/invoice.js
FN:5,(anonymous_0)
FN:12,(anonymous_1)
FNF:2
FNH:2
FNDA:6,(anonymous_0)
FNDA:6,(anonymous_1)
DA:4,6
DA:5,6
DA:14,6
DA:17,6
DA:29,6
LF:5
LH:5
BRF:0
BRH:0
end_of_record
TN:
SF:models/paymentdetail.js
FN:5,(anonymous_0)
FN:12,(anonymous_1)
FNF:2
FNH:2
FNDA:6,(anonymous_0)
FNDA:6,(anonymous_1)
DA:4,6
DA:5,6
DA:13,6
DA:14,6
DA:17,6
DA:27,6
LF:6
LH:6
BRF:0
BRH:0
end_of_record
TN:
SF:models/paymentmethod.js
FN:5,(anonymous_0)
FN:12,(anonymous_1)
FNF:2
FNH:2
FNDA:6,(anonymous_0)
FNDA:6,(anonymous_1)
DA:4,6
DA:5,6
DA:13,6
DA:16,6
DA:22,6
LF:5
LH:5
BRF:0
BRH:0
end_of_record
TN:
SF:models/presencelist.js
FN:4,(anonymous_0)
FN:11,(anonymous_1)
FNF:2
FNH:2
FNDA:6,(anonymous_0)
FNDA:6,(anonymous_1)
DA:2,6
DA:3,6
DA:4,6
DA:13,6
DA:16,6
DA:50,6
LF:6
LH:6
BRF:0
BRH:0
end_of_record
TN:
SF:models/price.js
FN:3,(anonymous_0)
FN:10,(anonymous_1)
FNF:2
FNH:2
FNDA:6,(anonymous_0)
FNDA:6,(anonymous_1)
DA:2,6
DA:3,6
DA:12,6
DA:15,6
DA:26,6
LF:5
LH:5
BRF:0
BRH:0
end_of_record
TN:
SF:models/user.js
FN:4,(anonymous_0)
FN:11,(anonymous_1)
FN:38,(anonymous_2)
FNF:3
FNH:3
FNDA:6,(anonymous_0)
FNDA:6,(anonymous_1)
FNDA:11,(anonymous_2)
DA:2,6
DA:3,6
DA:4,6
DA:13,6
DA:16,6
DA:39,11
DA:44,6
LF:7
LH:7
BRF:0
BRH:0
end_of_record
TN:
SF:routes/appointment.js
FNF:0
FNH:0
DA:1,6
DA:2,6
DA:6,6
DA:8,6
DA:9,6
DA:11,6
DA:16,6
DA:22,6
LF:8
LH:8
BRF:0
BRH:0
end_of_record
TN:
SF:routes/checkout.js
FNF:0
FNH:0
DA:1,6
DA:2,6
DA:4,6
DA:6,6
DA:7,6
DA:8,6
DA:9,6
DA:10,6
DA:12,6
LF:9
LH:9
BRF:0
BRH:0
end_of_record
TN:
SF:routes/customer.js
FNF:0
FNH:0
DA:1,6
DA:2,6
DA:3,6
DA:4,6
DA:7,6
DA:9,6
DA:10,6
DA:11,6
DA:13,6
LF:9
LH:9
BRF:0
BRH:0
end_of_record
TN:
SF:routes/index.js
FNF:0
FNH:0
DA:1,6
DA:3,6
DA:4,6
DA:5,6
DA:6,6
DA:7,6
DA:8,6
DA:9,6
DA:10,6
DA:12,6
DA:13,6
DA:15,6
DA:16,6
DA:18,6
DA:20,6
DA:21,6
DA:22,6
DA:23,6
DA:24,6
DA:25,6
DA:26,6
DA:30,6
LF:22
LH:22
BRF:0
BRH:0
end_of_record
TN:
SF:routes/payment.js
FNF:0
FNH:0
DA:1,6
DA:2,6
DA:4,6
DA:5,6
DA:6,6
DA:8,6
LF:6
LH:6
BRF:0
BRH:0
end_of_record
TN:
SF:routes/presence.js
FNF:0
FNH:0
DA:1,6
DA:2,6
DA:3,6
DA:5,6
DA:7,6
DA:8,6
DA:10,6
LF:7
LH:7
BRF:0
BRH:0
end_of_record
TN:
SF:routes/price.js
FNF:0
FNH:0
DA:1,6
DA:3,6
DA:6,6
DA:7,6
DA:9,6
LF:5
LH:5
BRF:0
BRH:0
end_of_record
TN:
SF:routes/search.js
FNF:0
FNH:0
DA:1,6
DA:2,6
DA:3,6
DA:5,6
DA:7,6
LF:5
LH:5
BRF:0
BRH:0
end_of_record
TN:
SF:routes/user.js
FNF:0
FNH:0
DA:1,6
DA:2,6
DA:3,6
DA:4,6
DA:6,6
DA:7,6
DA:8,6
DA:9,6
DA:10,6
DA:12,6
LF:10
LH:10
BRF:0
BRH:0
end_of_record
